2026-03-05 19:11:04 [main] INFO  c.p.p.ProyectoSpringBoot01Application - Starting ProyectoSpringBoot01Application v1.0 using Java 25.0.2 with PID 23548 (/home/rusok/Documentos/workspace-spring-tools-for-eclipse-5.0.1.RELEASE/ProyectoSpringBoot01/target/ProyectoSpringBoot01-1.0.jar started by rusok in /home/rusok/Documentos/workspace-spring-tools-for-eclipse-5.0.1.RELEASE/ProyectoSpringBoot01)
2026-03-05 19:11:04 [main] INFO  c.p.p.ProyectoSpringBoot01Application - No active profile set, falling back to 1 default profile: "default"
2026-03-05 19:11:06 [main] INFO  o.s.b.t.TomcatWebServer - Tomcat initialized with port 7001 (http)
2026-03-05 19:11:06 [main] INFO  o.a.c.core.StandardService - Starting service [Tomcat]
2026-03-05 19:11:06 [main] INFO  o.a.c.core.StandardEngine - Starting Servlet engine: [Apache Tomcat/11.0.18]
2026-03-05 19:11:06 [main] INFO  o.s.b.w.c.s.WebApplicationContextInitializer - Root WebApplicationContext: initialization completed in 1879 ms
2026-03-05 19:11:07 [main] INFO  o.s.b.a.e.w.EndpointLinksResolver - Exposing 4 endpoints beneath base path '/actuator'
2026-03-05 19:11:07 [main] INFO  o.s.b.t.TomcatWebServer - Tomcat started on port 7001 (http) with context path '/'
2026-03-05 19:11:07 [main] INFO  c.p.p.ProyectoSpringBoot01Application - Started ProyectoSpringBoot01Application in 3.992 seconds (process running for 4.922)
2026-03-05 19:13:49 [http-nio-7001-exec-1] INFO  o.a.c.c.C.[.[.[/] - Initializing Spring DispatcherServlet 'dispatcherServlet'
2026-03-05 19:13:49 [http-nio-7001-exec-1] INFO  o.s.w.s.DispatcherServlet - Initializing Servlet 'dispatcherServlet'
2026-03-05 19:13:49 [http-nio-7001-exec-1] INFO  o.s.w.s.DispatcherServlet - Completed initialization in 3 ms
2026-03-05 19:13:49 [http-nio-7001-exec-1] INFO  c.p.p.Controllers.Primero - Se procede a ejecutar el endpoint /saludo
2026-03-05 19:16:01 [SpringApplicationShutdownHook] INFO  o.s.b.t.GracefulShutdown - Commencing graceful shutdown. Waiting for active requests to complete
2026-03-05 19:16:01 [tomcat-shutdown] INFO  o.s.b.t.GracefulShutdown - Graceful shutdown complete
2026-03-05 19:16:52 [main] INFO  c.p.p.ProyectoSpringBoot01ApplicationTests - Starting ProyectoSpringBoot01ApplicationTests using Java 25.0.2 with PID 52484 (started by rusok in /home/rusok/Documentos/workspace-spring-tools-for-eclipse-5.0.1.RELEASE/ProyectoSpringBoot01)
2026-03-05 19:16:52 [main] INFO  c.p.p.ProyectoSpringBoot01ApplicationTests - No active profile set, falling back to 1 default profile: "default"
2026-03-05 19:16:54 [main] INFO  o.s.b.a.e.w.EndpointLinksResolver - Exposing 4 endpoints beneath base path '/actuator'
2026-03-05 19:16:54 [main] INFO  c.p.p.ProyectoSpringBoot01ApplicationTests - Started ProyectoSpringBoot01ApplicationTests in 1.908 seconds (process running for 2.986)
2026-03-05 19:17:07 [main] INFO  c.p.p.ProyectoSpringBoot01Application - Starting ProyectoSpringBoot01Application v1.0 using Java 25.0.2 with PID 53795 (/home/rusok/Documentos/workspace-spring-tools-for-eclipse-5.0.1.RELEASE/ProyectoSpringBoot01/target/ProyectoSpringBoot01-1.0.jar started by rusok in /home/rusok/Documentos/workspace-spring-tools-for-eclipse-5.0.1.RELEASE/ProyectoSpringBoot01)
2026-03-05 19:17:07 [main] INFO  c.p.p.ProyectoSpringBoot01Application - No active profile set, falling back to 1 default profile: "default"
2026-03-05 19:17:08 [main] INFO  o.s.b.t.TomcatWebServer - Tomcat initialized with port 7001 (http)
2026-03-05 19:17:08 [main] INFO  o.a.c.core.StandardService - Starting service [Tomcat]
2026-03-05 19:17:08 [main] INFO  o.a.c.core.StandardEngine - Starting Servlet engine: [Apache Tomcat/11.0.18]
2026-03-05 19:17:08 [main] INFO  o.s.b.w.c.s.WebApplicationContextInitializer - Root WebApplicationContext: initialization completed in 1178 ms
2026-03-05 19:17:09 [main] INFO  o.s.b.a.e.w.EndpointLinksResolver - Exposing 4 endpoints beneath base path '/actuator'
2026-03-05 19:17:09 [main] INFO  o.s.b.t.TomcatWebServer - Tomcat started on port 7001 (http) with context path '/'
2026-03-05 19:17:09 [main] INFO  c.p.p.ProyectoSpringBoot01Application - Started ProyectoSpringBoot01Application in 2.606 seconds (process running for 3.065)
2026-03-05 19:17:14 [http-nio-7001-exec-1] INFO  o.a.c.c.C.[.[.[/] - Initializing Spring DispatcherServlet 'dispatcherServlet'
2026-03-05 19:17:14 [http-nio-7001-exec-1] INFO  o.s.w.s.DispatcherServlet - Initializing Servlet 'dispatcherServlet'
2026-03-05 19:17:14 [http-nio-7001-exec-1] INFO  o.s.w.s.DispatcherServlet - Completed initialization in 8 ms
2026-03-05 19:17:14 [http-nio-7001-exec-1] INFO  c.p.p.Controllers.Primero - Se procede a ejecutar el endpoint /saludo
2026-03-05 19:17:17 [http-nio-7001-exec-2] INFO  c.p.p.Controllers.Primero - Se procede a ejecutar el endpoint /saludo
2026-03-05 19:17:17 [http-nio-7001-exec-3] INFO  c.p.p.Controllers.Primero - Se procede a ejecutar el endpoint /saludo
2026-03-05 19:17:18 [http-nio-7001-exec-4] INFO  c.p.p.Controllers.Primero - Se procede a ejecutar el endpoint /saludo
2026-03-05 19:17:18 [http-nio-7001-exec-5] INFO  c.p.p.Controllers.Primero - Se procede a ejecutar el endpoint /saludo
2026-03-05 19:17:19 [http-nio-7001-exec-6] INFO  c.p.p.Controllers.Primero - Se procede a ejecutar el endpoint /saludo
2026-03-05 19:17:19 [http-nio-7001-exec-7] INFO  c.p.p.Controllers.Primero - Se procede a ejecutar el endpoint /saludo
2026-03-05 19:17:19 [http-nio-7001-exec-8] INFO  c.p.p.Controllers.Primero - Se procede a ejecutar el endpoint /saludo
2026-03-05 19:17:19 [http-nio-7001-exec-9] INFO  c.p.p.Controllers.Primero - Se procede a ejecutar el endpoint /saludo
2026-03-05 19:17:19 [http-nio-7001-exec-10] INFO  c.p.p.Controllers.Primero - Se procede a ejecutar el endpoint /saludo
2026-03-05 19:17:20 [http-nio-7001-exec-1] INFO  c.p.p.Controllers.Primero - Se procede a ejecutar el endpoint /saludo
2026-03-05 19:17:20 [http-nio-7001-exec-2] INFO  c.p.p.Controllers.Primero - Se procede a ejecutar el endpoint /saludo
2026-03-05 19:17:20 [http-nio-7001-exec-3] INFO  c.p.p.Controllers.Primero - Se procede a ejecutar el endpoint /saludo
2026-03-05 19:17:21 [http-nio-7001-exec-4] INFO  c.p.p.Controllers.Primero - Se procede a ejecutar el endpoint /saludo
2026-03-05 19:17:21 [http-nio-7001-exec-5] INFO  c.p.p.Controllers.Primero - Se procede a ejecutar el endpoint /saludo
2026-03-05 19:17:21 [http-nio-7001-exec-6] INFO  c.p.p.Controllers.Primero - Se procede a ejecutar el endpoint /saludo
2026-03-05 19:17:22 [http-nio-7001-exec-7] INFO  c.p.p.Controllers.Primero - Se procede a ejecutar el endpoint /saludo
2026-03-05 19:17:22 [http-nio-7001-exec-8] INFO  c.p.p.Controllers.Primero - Se procede a ejecutar el endpoint /saludo
2026-03-05 19:17:22 [http-nio-7001-exec-9] INFO  c.p.p.Controllers.Primero - Se procede a ejecutar el endpoint /saludo
2026-03-05 19:17:56 [http-nio-7001-exec-10] INFO  c.p.p.Controllers.Primero - Se procede a ejecutar el endpoint /saludo
2026-03-05 19:17:57 [http-nio-7001-exec-1] INFO  c.p.p.Controllers.Primero - Se procede a ejecutar el endpoint /saludo
2026-03-05 19:17:57 [http-nio-7001-exec-2] INFO  c.p.p.Controllers.Primero - Se procede a ejecutar el endpoint /saludo
2026-03-05 19:17:57 [http-nio-7001-exec-3] INFO  c.p.p.Controllers.Primero - Se procede a ejecutar el endpoint /saludo
2026-03-05 19:17:57 [http-nio-7001-exec-4] INFO  c.p.p.Controllers.Primero - Se procede a ejecutar el endpoint /saludo
2026-03-05 19:17:58 [http-nio-7001-exec-5] INFO  c.p.p.Controllers.Primero - Se procede a ejecutar el endpoint /saludo
2026-03-05 19:17:58 [http-nio-7001-exec-6] INFO  c.p.p.Controllers.Primero - Se procede a ejecutar el endpoint /saludo
2026-03-05 19:17:58 [http-nio-7001-exec-7] INFO  c.p.p.Controllers.Primero - Se procede a ejecutar el endpoint /saludo
2026-03-05 19:17:58 [http-nio-7001-exec-8] INFO  c.p.p.Controllers.Primero - Se procede a ejecutar el endpoint /saludo
2026-03-05 19:27:42 [SpringApplicationShutdownHook] INFO  o.s.b.t.GracefulShutdown - Commencing graceful shutdown. Waiting for active requests to complete
2026-03-05 19:27:42 [tomcat-shutdown] INFO  o.s.b.t.GracefulShutdown - Graceful shutdown complete
2026-03-05 19:27:50 [main] INFO  c.p.p.ProyectoSpringBoot01ApplicationTests - Starting ProyectoSpringBoot01ApplicationTests using Java 25.0.2 with PID 106245 (started by rusok in /home/rusok/Documentos/workspace-spring-tools-for-eclipse-5.0.1.RELEASE/ProyectoSpringBoot01)
2026-03-05 19:27:50 [main] INFO  c.p.p.ProyectoSpringBoot01ApplicationTests - No active profile set, falling back to 1 default profile: "default"
2026-03-05 19:27:52 [main] INFO  o.s.b.a.e.w.EndpointLinksResolver - Exposing 4 endpoints beneath base path '/actuator'
2026-03-05 19:27:52 [main] INFO  c.p.p.ProyectoSpringBoot01ApplicationTests - Started ProyectoSpringBoot01ApplicationTests in 1.78 seconds (process running for 2.828)
2026-03-05 19:27:58 [main] INFO  c.p.p.ProyectoSpringBoot01Application - Starting ProyectoSpringBoot01Application v1.0 using Java 25.0.2 with PID 106905 (/home/rusok/Documentos/workspace-spring-tools-for-eclipse-5.0.1.RELEASE/ProyectoSpringBoot01/target/ProyectoSpringBoot01-1.0.jar started by rusok in /home/rusok/Documentos/workspace-spring-tools-for-eclipse-5.0.1.RELEASE/ProyectoSpringBoot01)
2026-03-05 19:27:58 [main] INFO  c.p.p.ProyectoSpringBoot01Application - No active profile set, falling back to 1 default profile: "default"
2026-03-05 19:27:59 [main] INFO  o.s.b.t.TomcatWebServer - Tomcat initialized with port 7001 (http)
2026-03-05 19:27:59 [main] INFO  o.a.c.core.StandardService - Starting service [Tomcat]
2026-03-05 19:27:59 [main] INFO  o.a.c.core.StandardEngine - Starting Servlet engine: [Apache Tomcat/11.0.18]
2026-03-05 19:27:59 [main] INFO  o.s.b.w.c.s.WebApplicationContextInitializer - Root WebApplicationContext: initialization completed in 1163 ms
2026-03-05 19:28:00 [main] INFO  o.s.b.a.e.w.EndpointLinksResolver - Exposing 4 endpoints beneath base path '/actuator'
2026-03-05 19:28:00 [main] INFO  o.s.b.t.TomcatWebServer - Tomcat started on port 7001 (http) with context path '/'
2026-03-05 19:28:00 [main] INFO  c.p.p.ProyectoSpringBoot01Application - Started ProyectoSpringBoot01Application in 2.618 seconds (process running for 3.126)
2026-03-05 19:28:30 [http-nio-7001-exec-1] INFO  o.a.c.c.C.[.[.[/] - Initializing Spring DispatcherServlet 'dispatcherServlet'
2026-03-05 19:28:30 [http-nio-7001-exec-1] INFO  o.s.w.s.DispatcherServlet - Initializing Servlet 'dispatcherServlet'
2026-03-05 19:28:30 [http-nio-7001-exec-1] INFO  o.s.w.s.DispatcherServlet - Completed initialization in 4 ms
2026-03-05 19:28:30 [http-nio-7001-exec-1] WARN  o.s.w.s.m.s.DefaultHandlerExceptionResolver - Resolved [org.springframework.web.HttpRequestMethodNotSupportedException: Request method 'GET' is not supported]
2026-03-05 19:28:58 [http-nio-7001-exec-2] WARN  o.s.w.servlet.PageNotFound - No mapping for POST /WEB-INF/views/HECHO.jsp
2026-03-05 19:28:58 [http-nio-7001-exec-2] WARN  o.s.w.servlet.PageNotFound - No endpoint POST /WEB-INF/views/HECHO.jsp.
2026-03-05 19:32:22 [SpringApplicationShutdownHook] INFO  o.s.b.t.GracefulShutdown - Commencing graceful shutdown. Waiting for active requests to complete
2026-03-05 19:32:22 [tomcat-shutdown] INFO  o.s.b.t.GracefulShutdown - Graceful shutdown complete
2026-03-05 19:32:28 [main] INFO  c.p.p.ProyectoSpringBoot01ApplicationTests - Starting ProyectoSpringBoot01ApplicationTests using Java 25.0.2 with PID 128510 (started by rusok in /home/rusok/Documentos/workspace-spring-tools-for-eclipse-5.0.1.RELEASE/ProyectoSpringBoot01)
2026-03-05 19:32:28 [main] INFO  c.p.p.ProyectoSpringBoot01ApplicationTests - No active profile set, falling back to 1 default profile: "default"
2026-03-05 19:32:30 [main] INFO  o.s.b.a.e.w.EndpointLinksResolver - Exposing 4 endpoints beneath base path '/actuator'
2026-03-05 19:32:30 [main] INFO  c.p.p.ProyectoSpringBoot01ApplicationTests - Started ProyectoSpringBoot01ApplicationTests in 1.832 seconds (process running for 2.858)
2026-03-05 19:32:33 [main] INFO  c.p.p.ProyectoSpringBoot01Application - Starting ProyectoSpringBoot01Application v1.0 using Java 25.0.2 with PID 129061 (/home/rusok/Documentos/workspace-spring-tools-for-eclipse-5.0.1.RELEASE/ProyectoSpringBoot01/target/ProyectoSpringBoot01-1.0.jar started by rusok in /home/rusok/Documentos/workspace-spring-tools-for-eclipse-5.0.1.RELEASE/ProyectoSpringBoot01)
2026-03-05 19:32:33 [main] INFO  c.p.p.ProyectoSpringBoot01Application - No active profile set, falling back to 1 default profile: "default"
2026-03-05 19:32:35 [main] INFO  o.s.b.t.TomcatWebServer - Tomcat initialized with port 7001 (http)
2026-03-05 19:32:35 [main] INFO  o.a.c.core.StandardService - Starting service [Tomcat]
2026-03-05 19:32:35 [main] INFO  o.a.c.core.StandardEngine - Starting Servlet engine: [Apache Tomcat/11.0.18]
2026-03-05 19:32:35 [main] INFO  o.s.b.w.c.s.WebApplicationContextInitializer - Root WebApplicationContext: initialization completed in 1218 ms
2026-03-05 19:32:36 [main] INFO  o.s.b.a.e.w.EndpointLinksResolver - Exposing 4 endpoints beneath base path '/actuator'
2026-03-05 19:32:36 [main] INFO  o.s.b.t.TomcatWebServer - Tomcat started on port 7001 (http) with context path '/'
2026-03-05 19:32:36 [main] INFO  c.p.p.ProyectoSpringBoot01Application - Started ProyectoSpringBoot01Application in 3.28 seconds (process running for 3.734)
2026-03-05 19:32:43 [http-nio-7001-exec-1] INFO  o.a.c.c.C.[.[.[/] - Initializing Spring DispatcherServlet 'dispatcherServlet'
2026-03-05 19:32:43 [http-nio-7001-exec-1] INFO  o.s.w.s.DispatcherServlet - Initializing Servlet 'dispatcherServlet'
2026-03-05 19:32:43 [http-nio-7001-exec-1] INFO  o.s.w.s.DispatcherServlet - Completed initialization in 2 ms
2026-03-05 19:37:58 [SpringApplicationShutdownHook] INFO  o.s.b.t.GracefulShutdown - Commencing graceful shutdown. Waiting for active requests to complete
2026-03-05 19:37:58 [tomcat-shutdown] INFO  o.s.b.t.GracefulShutdown - Graceful shutdown complete
2026-03-05 19:38:05 [main] INFO  c.p.p.ProyectoSpringBoot01ApplicationTests - Starting ProyectoSpringBoot01ApplicationTests using Java 25.0.2 with PID 155383 (started by rusok in /home/rusok/Documentos/workspace-spring-tools-for-eclipse-5.0.1.RELEASE/ProyectoSpringBoot01)
2026-03-05 19:38:05 [main] INFO  c.p.p.ProyectoSpringBoot01ApplicationTests - No active profile set, falling back to 1 default profile: "default"
2026-03-05 19:38:07 [main] INFO  o.s.b.a.e.w.EndpointLinksResolver - Exposing 4 endpoints beneath base path '/actuator'
2026-03-05 19:38:07 [main] INFO  c.p.p.ProyectoSpringBoot01ApplicationTests - Started ProyectoSpringBoot01ApplicationTests in 2.877 seconds (process running for 4.243)
2026-03-05 19:38:12 [main] INFO  c.p.p.ProyectoSpringBoot01Application - Starting ProyectoSpringBoot01Application v1.0 using Java 25.0.2 with PID 156040 (/home/rusok/Documentos/workspace-spring-tools-for-eclipse-5.0.1.RELEASE/ProyectoSpringBoot01/target/ProyectoSpringBoot01-1.0.jar started by rusok in /home/rusok/Documentos/workspace-spring-tools-for-eclipse-5.0.1.RELEASE/ProyectoSpringBoot01)
2026-03-05 19:38:12 [main] INFO  c.p.p.ProyectoSpringBoot01Application - No active profile set, falling back to 1 default profile: "default"
2026-03-05 19:38:13 [main] INFO  o.s.b.t.TomcatWebServer - Tomcat initialized with port 7001 (http)
2026-03-05 19:38:13 [main] INFO  o.a.c.core.StandardService - Starting service [Tomcat]
2026-03-05 19:38:13 [main] INFO  o.a.c.core.StandardEngine - Starting Servlet engine: [Apache Tomcat/11.0.18]
2026-03-05 19:38:13 [main] INFO  o.s.b.w.c.s.WebApplicationContextInitializer - Root WebApplicationContext: initialization completed in 1249 ms
2026-03-05 19:38:14 [main] INFO  o.s.b.a.e.w.EndpointLinksResolver - Exposing 4 endpoints beneath base path '/actuator'
2026-03-05 19:38:14 [main] INFO  o.s.b.t.TomcatWebServer - Tomcat started on port 7001 (http) with context path '/'
2026-03-05 19:38:14 [main] INFO  c.p.p.ProyectoSpringBoot01Application - Started ProyectoSpringBoot01Application in 2.879 seconds (process running for 3.29)
2026-03-05 19:38:33 [http-nio-7001-exec-1] INFO  o.a.c.c.C.[.[.[/] - Initializing Spring DispatcherServlet 'dispatcherServlet'
2026-03-05 19:38:33 [http-nio-7001-exec-1] INFO  o.s.w.s.DispatcherServlet - Initializing Servlet 'dispatcherServlet'
2026-03-05 19:38:33 [http-nio-7001-exec-1] INFO  o.s.w.s.DispatcherServlet - Completed initialization in 3 ms
2026-03-05 19:41:08 [SpringApplicationShutdownHook] INFO  o.s.b.t.GracefulShutdown - Commencing graceful shutdown. Waiting for active requests to complete
2026-03-05 19:41:08 [tomcat-shutdown] INFO  o.s.b.t.GracefulShutdown - Graceful shutdown complete
2026-03-05 19:41:15 [main] INFO  c.p.p.ProyectoSpringBoot01ApplicationTests - Starting ProyectoSpringBoot01ApplicationTests using Java 25.0.2 with PID 170614 (started by rusok in /home/rusok/Documentos/workspace-spring-tools-for-eclipse-5.0.1.RELEASE/ProyectoSpringBoot01)
2026-03-05 19:41:15 [main] INFO  c.p.p.ProyectoSpringBoot01ApplicationTests - No active profile set, falling back to 1 default profile: "default"
2026-03-05 19:41:16 [main] INFO  o.s.b.a.e.w.EndpointLinksResolver - Exposing 4 endpoints beneath base path '/actuator'
2026-03-05 19:41:16 [main] INFO  c.p.p.ProyectoSpringBoot01ApplicationTests - Started ProyectoSpringBoot01ApplicationTests in 1.804 seconds (process running for 2.853)
2026-03-05 19:41:23 [main] INFO  c.p.p.ProyectoSpringBoot01Application - Starting ProyectoSpringBoot01Application v1.0 using Java 25.0.2 with PID 171362 (/home/rusok/Documentos/workspace-spring-tools-for-eclipse-5.0.1.RELEASE/ProyectoSpringBoot01/target/ProyectoSpringBoot01-1.0.jar started by rusok in /home/rusok/Documentos/workspace-spring-tools-for-eclipse-5.0.1.RELEASE/ProyectoSpringBoot01)
2026-03-05 19:41:23 [main] INFO  c.p.p.ProyectoSpringBoot01Application - No active profile set, falling back to 1 default profile: "default"
2026-03-05 19:41:24 [main] INFO  o.s.b.t.TomcatWebServer - Tomcat initialized with port 7001 (http)
2026-03-05 19:41:24 [main] INFO  o.a.c.core.StandardService - Starting service [Tomcat]
2026-03-05 19:41:24 [main] INFO  o.a.c.core.StandardEngine - Starting Servlet engine: [Apache Tomcat/11.0.18]
2026-03-05 19:41:24 [main] INFO  o.s.b.w.c.s.WebApplicationContextInitializer - Root WebApplicationContext: initialization completed in 1533 ms
2026-03-05 19:41:25 [main] INFO  o.s.b.a.e.w.EndpointLinksResolver - Exposing 4 endpoints beneath base path '/actuator'
2026-03-05 19:41:25 [main] INFO  o.s.b.t.TomcatWebServer - Tomcat started on port 7001 (http) with context path '/'
2026-03-05 19:41:25 [main] INFO  c.p.p.ProyectoSpringBoot01Application - Started ProyectoSpringBoot01Application in 3.139 seconds (process running for 3.608)
2026-03-05 19:41:33 [http-nio-7001-exec-1] INFO  o.a.c.c.C.[.[.[/] - Initializing Spring DispatcherServlet 'dispatcherServlet'
2026-03-05 19:41:33 [http-nio-7001-exec-1] INFO  o.s.w.s.DispatcherServlet - Initializing Servlet 'dispatcherServlet'
2026-03-05 19:41:33 [http-nio-7001-exec-1] INFO  o.s.w.s.DispatcherServlet - Completed initialization in 2 ms
2026-03-05 19:53:02 [SpringApplicationShutdownHook] INFO  o.s.b.t.GracefulShutdown - Commencing graceful shutdown. Waiting for active requests to complete
2026-03-05 19:53:02 [tomcat-shutdown] INFO  o.s.b.t.GracefulShutdown - Graceful shutdown complete
2026-03-05 19:53:10 [main] INFO  c.p.p.ProyectoSpringBoot01ApplicationTests - Starting ProyectoSpringBoot01ApplicationTests using Java 25.0.2 with PID 228438 (started by rusok in /home/rusok/Documentos/workspace-spring-tools-for-eclipse-5.0.1.RELEASE/ProyectoSpringBoot01)
2026-03-05 19:53:10 [main] INFO  c.p.p.ProyectoSpringBoot01ApplicationTests - No active profile set, falling back to 1 default profile: "default"
2026-03-05 19:53:12 [main] INFO  o.s.b.a.e.w.EndpointLinksResolver - Exposing 4 endpoints beneath base path '/actuator'
2026-03-05 19:53:12 [main] INFO  c.p.p.ProyectoSpringBoot01ApplicationTests - Started ProyectoSpringBoot01ApplicationTests in 1.784 seconds (process running for 2.88)
2026-03-05 19:53:18 [main] INFO  c.p.p.ProyectoSpringBoot01Application - Starting ProyectoSpringBoot01Application v1.0 using Java 25.0.2 with PID 229116 (/home/rusok/Documentos/workspace-spring-tools-for-eclipse-5.0.1.RELEASE/ProyectoSpringBoot01/target/ProyectoSpringBoot01-1.0.jar started by rusok in /home/rusok/Documentos/workspace-spring-tools-for-eclipse-5.0.1.RELEASE/ProyectoSpringBoot01)
2026-03-05 19:53:18 [main] INFO  c.p.p.ProyectoSpringBoot01Application - No active profile set, falling back to 1 default profile: "default"
2026-03-05 19:53:19 [main] INFO  o.s.b.t.TomcatWebServer - Tomcat initialized with port 7001 (http)
2026-03-05 19:53:19 [main] INFO  o.a.c.core.StandardService - Starting service [Tomcat]
2026-03-05 19:53:19 [main] INFO  o.a.c.core.StandardEngine - Starting Servlet engine: [Apache Tomcat/11.0.18]
2026-03-05 19:53:19 [main] INFO  o.s.b.w.c.s.WebApplicationContextInitializer - Root WebApplicationContext: initialization completed in 1212 ms
2026-03-05 19:53:20 [main] INFO  o.s.b.a.e.w.EndpointLinksResolver - Exposing 4 endpoints beneath base path '/actuator'
2026-03-05 19:53:20 [main] INFO  o.s.b.t.TomcatWebServer - Tomcat started on port 7001 (http) with context path '/'
2026-03-05 19:53:20 [main] INFO  c.p.p.ProyectoSpringBoot01Application - Started ProyectoSpringBoot01Application in 2.614 seconds (process running for 3.054)
2026-03-05 19:53:50 [http-nio-7001-exec-1] INFO  o.a.c.c.C.[.[.[/] - Initializing Spring DispatcherServlet 'dispatcherServlet'
2026-03-05 19:53:50 [http-nio-7001-exec-1] INFO  o.s.w.s.DispatcherServlet - Initializing Servlet 'dispatcherServlet'
2026-03-05 19:53:50 [http-nio-7001-exec-1] INFO  o.s.w.s.DispatcherServlet - Completed initialization in 3 ms
2026-03-05 19:53:50 [http-nio-7001-exec-1] WARN  o.s.w.servlet.PageNotFound - No mapping for GET /WEB-INF/views/algo/Pepe.jsp
2026-03-05 19:53:50 [http-nio-7001-exec-1] WARN  o.s.w.servlet.PageNotFound - No endpoint GET /WEB-INF/views/algo/Pepe.jsp.
2026-03-05 20:05:49 [SpringApplicationShutdownHook] INFO  o.s.b.t.GracefulShutdown - Commencing graceful shutdown. Waiting for active requests to complete
2026-03-05 20:05:49 [tomcat-shutdown] INFO  o.s.b.t.GracefulShutdown - Graceful shutdown complete
