2026-03-06 19:07:33 [main] INFO  c.p.p.ProyectoSpringBoot01ApplicationTests - Starting ProyectoSpringBoot01ApplicationTests using Java 25.0.2 with PID 386394 (started by rusok in /home/rusok/Documentos/workspace-spring-tools-for-eclipse-5.0.1.RELEASE/ProyectoSpringBoot01)
2026-03-06 19:07:33 [main] INFO  c.p.p.ProyectoSpringBoot01ApplicationTests - No active profile set, falling back to 1 default profile: "default"
2026-03-06 19:07:35 [main] INFO  o.s.b.a.e.w.EndpointLinksResolver - Exposing 4 endpoints beneath base path '/actuator'
2026-03-06 19:07:35 [main] INFO  c.p.p.ProyectoSpringBoot01ApplicationTests - Started ProyectoSpringBoot01ApplicationTests in 2.558 seconds (process running for 3.912)
2026-03-06 19:07:58 [main] INFO  c.p.p.ProyectoSpringBoot01Application - Starting ProyectoSpringBoot01Application v1.0 using Java 25.0.2 with PID 388491 (/home/rusok/Documentos/workspace-spring-tools-for-eclipse-5.0.1.RELEASE/ProyectoSpringBoot01/target/ProyectoSpringBoot01-1.0.jar started by rusok in /home/rusok/Documentos/workspace-spring-tools-for-eclipse-5.0.1.RELEASE/ProyectoSpringBoot01)
2026-03-06 19:07:58 [main] INFO  c.p.p.ProyectoSpringBoot01Application - No active profile set, falling back to 1 default profile: "default"
2026-03-06 19:08:00 [main] INFO  o.s.b.t.TomcatWebServer - Tomcat initialized with port 7001 (http)
2026-03-06 19:08:00 [main] INFO  o.a.c.core.StandardService - Starting service [Tomcat]
2026-03-06 19:08:00 [main] INFO  o.a.c.core.StandardEngine - Starting Servlet engine: [Apache Tomcat/11.0.18]
2026-03-06 19:08:00 [main] INFO  o.s.b.w.c.s.WebApplicationContextInitializer - Root WebApplicationContext: initialization completed in 1280 ms
2026-03-06 19:08:00 [main] INFO  o.s.b.a.e.w.EndpointLinksResolver - Exposing 4 endpoints beneath base path '/actuator'
2026-03-06 19:08:01 [main] INFO  o.s.b.t.TomcatWebServer - Tomcat started on port 7001 (http) with context path '/'
2026-03-06 19:08:01 [main] INFO  c.p.p.ProyectoSpringBoot01Application - Started ProyectoSpringBoot01Application in 2.758 seconds (process running for 3.261)
2026-03-06 19:08:45 [http-nio-7001-exec-1] INFO  o.a.c.c.C.[.[.[/] - Initializing Spring DispatcherServlet 'dispatcherServlet'
2026-03-06 19:08:45 [http-nio-7001-exec-1] INFO  o.s.w.s.DispatcherServlet - Initializing Servlet 'dispatcherServlet'
2026-03-06 19:08:45 [http-nio-7001-exec-1] INFO  o.s.w.s.DispatcherServlet - Completed initialization in 2 ms
2026-03-06 19:10:59 [http-nio-7001-exec-5] WARN  o.s.w.s.m.s.DefaultHandlerExceptionResolver - Resolved [org.springframework.web.HttpRequestMethodNotSupportedException: Request method 'PUT' is not supported]
2026-03-06 19:26:03 [SpringApplicationShutdownHook] INFO  o.s.b.t.GracefulShutdown - Commencing graceful shutdown. Waiting for active requests to complete
2026-03-06 19:26:03 [tomcat-shutdown] INFO  o.s.b.t.GracefulShutdown - Graceful shutdown complete
2026-03-06 19:26:11 [main] INFO  c.p.p.ProyectoSpringBoot01ApplicationTests - Starting ProyectoSpringBoot01ApplicationTests using Java 25.0.2 with PID 471293 (started by rusok in /home/rusok/Documentos/workspace-spring-tools-for-eclipse-5.0.1.RELEASE/ProyectoSpringBoot01)
2026-03-06 19:26:11 [main] INFO  c.p.p.ProyectoSpringBoot01ApplicationTests - No active profile set, falling back to 1 default profile: "default"
2026-03-06 19:26:13 [main] INFO  o.s.b.a.e.w.EndpointLinksResolver - Exposing 4 endpoints beneath base path '/actuator'
2026-03-06 19:26:13 [main] INFO  c.p.p.ProyectoSpringBoot01ApplicationTests - Started ProyectoSpringBoot01ApplicationTests in 1.945 seconds (process running for 3.164)
2026-03-06 19:26:18 [main] INFO  c.p.p.ProyectoSpringBoot01Application - Starting ProyectoSpringBoot01Application v1.0 using Java 25.0.2 with PID 471953 (/home/rusok/Documentos/workspace-spring-tools-for-eclipse-5.0.1.RELEASE/ProyectoSpringBoot01/target/ProyectoSpringBoot01-1.0.jar started by rusok in /home/rusok/Documentos/workspace-spring-tools-for-eclipse-5.0.1.RELEASE/ProyectoSpringBoot01)
2026-03-06 19:26:18 [main] INFO  c.p.p.ProyectoSpringBoot01Application - No active profile set, falling back to 1 default profile: "default"
2026-03-06 19:26:20 [main] INFO  o.s.b.t.TomcatWebServer - Tomcat initialized with port 7001 (http)
2026-03-06 19:26:20 [main] INFO  o.a.c.core.StandardService - Starting service [Tomcat]
2026-03-06 19:26:20 [main] INFO  o.a.c.core.StandardEngine - Starting Servlet engine: [Apache Tomcat/11.0.18]
2026-03-06 19:26:20 [main] INFO  o.s.b.w.c.s.WebApplicationContextInitializer - Root WebApplicationContext: initialization completed in 1261 ms
2026-03-06 19:26:21 [main] INFO  o.s.b.a.e.w.EndpointLinksResolver - Exposing 4 endpoints beneath base path '/actuator'
2026-03-06 19:26:21 [main] INFO  o.s.b.t.TomcatWebServer - Tomcat started on port 7001 (http) with context path '/'
2026-03-06 19:26:21 [main] INFO  c.p.p.ProyectoSpringBoot01Application - Started ProyectoSpringBoot01Application in 2.772 seconds (process running for 3.308)
2026-03-06 19:26:30 [http-nio-7001-exec-1] INFO  o.a.c.c.C.[.[.[/] - Initializing Spring DispatcherServlet 'dispatcherServlet'
2026-03-06 19:26:30 [http-nio-7001-exec-1] INFO  o.s.w.s.DispatcherServlet - Initializing Servlet 'dispatcherServlet'
2026-03-06 19:26:30 [http-nio-7001-exec-1] INFO  o.s.w.s.DispatcherServlet - Completed initialization in 2 ms
2026-03-06 19:29:23 [SpringApplicationShutdownHook] INFO  o.s.b.t.GracefulShutdown - Commencing graceful shutdown. Waiting for active requests to complete
2026-03-06 19:29:23 [tomcat-shutdown] INFO  o.s.b.t.GracefulShutdown - Graceful shutdown complete
2026-03-06 19:29:32 [main] INFO  c.p.p.ProyectoSpringBoot01ApplicationTests - Starting ProyectoSpringBoot01ApplicationTests using Java 25.0.2 with PID 486354 (started by rusok in /home/rusok/Documentos/workspace-spring-tools-for-eclipse-5.0.1.RELEASE/ProyectoSpringBoot01)
2026-03-06 19:29:32 [main] INFO  c.p.p.ProyectoSpringBoot01ApplicationTests - No active profile set, falling back to 1 default profile: "default"
2026-03-06 19:29:35 [main] INFO  o.s.b.a.e.w.EndpointLinksResolver - Exposing 4 endpoints beneath base path '/actuator'
2026-03-06 19:29:35 [main] INFO  c.p.p.ProyectoSpringBoot01ApplicationTests - Started ProyectoSpringBoot01ApplicationTests in 3.491 seconds (process running for 5.479)
2026-03-06 19:29:40 [main] INFO  c.p.p.ProyectoSpringBoot01Application - Starting ProyectoSpringBoot01Application v1.0 using Java 25.0.2 with PID 487067 (/home/rusok/Documentos/workspace-spring-tools-for-eclipse-5.0.1.RELEASE/ProyectoSpringBoot01/target/ProyectoSpringBoot01-1.0.jar started by rusok in /home/rusok/Documentos/workspace-spring-tools-for-eclipse-5.0.1.RELEASE/ProyectoSpringBoot01)
2026-03-06 19:29:40 [main] INFO  c.p.p.ProyectoSpringBoot01Application - No active profile set, falling back to 1 default profile: "default"
2026-03-06 19:29:41 [main] INFO  o.s.b.t.TomcatWebServer - Tomcat initialized with port 7001 (http)
2026-03-06 19:29:41 [main] INFO  o.a.c.core.StandardService - Starting service [Tomcat]
2026-03-06 19:29:41 [main] INFO  o.a.c.core.StandardEngine - Starting Servlet engine: [Apache Tomcat/11.0.18]
2026-03-06 19:29:41 [main] INFO  o.s.b.w.c.s.WebApplicationContextInitializer - Root WebApplicationContext: initialization completed in 1320 ms
2026-03-06 19:29:42 [main] INFO  o.s.b.a.e.w.EndpointLinksResolver - Exposing 4 endpoints beneath base path '/actuator'
2026-03-06 19:29:42 [main] INFO  o.s.b.t.TomcatWebServer - Tomcat started on port 7001 (http) with context path '/'
2026-03-06 19:29:42 [main] INFO  c.p.p.ProyectoSpringBoot01Application - Started ProyectoSpringBoot01Application in 2.803 seconds (process running for 3.281)
2026-03-06 19:29:56 [http-nio-7001-exec-1] INFO  o.a.c.c.C.[.[.[/] - Initializing Spring DispatcherServlet 'dispatcherServlet'
2026-03-06 19:29:56 [http-nio-7001-exec-1] INFO  o.s.w.s.DispatcherServlet - Initializing Servlet 'dispatcherServlet'
2026-03-06 19:29:56 [http-nio-7001-exec-1] INFO  o.s.w.s.DispatcherServlet - Completed initialization in 2 ms
2026-03-06 19:32:04 [http-nio-7001-exec-3] WARN  o.s.w.servlet.PageNotFound - No mapping for GET /estudiante/15
2026-03-06 19:32:04 [http-nio-7001-exec-3] WARN  o.s.w.servlet.PageNotFound - No endpoint GET /estudiante/15.
2026-03-06 19:34:29 [http-nio-7001-exec-6] WARN  o.s.w.servlet.PageNotFound - No mapping for GET /estudiante/15
2026-03-06 19:34:29 [http-nio-7001-exec-6] WARN  o.s.w.servlet.PageNotFound - No endpoint GET /estudiante/15.
2026-03-06 19:34:29 [http-nio-7001-exec-7] WARN  o.s.w.servlet.PageNotFound - No mapping for GET /favicon.ico
2026-03-06 19:34:29 [http-nio-7001-exec-7] WARN  o.s.w.servlet.PageNotFound - No endpoint GET /favicon.ico.
2026-03-06 19:38:27 [SpringApplicationShutdownHook] INFO  o.s.b.t.GracefulShutdown - Commencing graceful shutdown. Waiting for active requests to complete
2026-03-06 19:38:27 [tomcat-shutdown] INFO  o.s.b.t.GracefulShutdown - Graceful shutdown complete
2026-03-06 19:38:34 [main] INFO  c.p.p.ProyectoSpringBoot01ApplicationTests - Starting ProyectoSpringBoot01ApplicationTests using Java 25.0.2 with PID 527000 (started by rusok in /home/rusok/Documentos/workspace-spring-tools-for-eclipse-5.0.1.RELEASE/ProyectoSpringBoot01)
2026-03-06 19:38:34 [main] INFO  c.p.p.ProyectoSpringBoot01ApplicationTests - No active profile set, falling back to 1 default profile: "default"
2026-03-06 19:38:35 [main] INFO  o.s.b.a.e.w.EndpointLinksResolver - Exposing 4 endpoints beneath base path '/actuator'
2026-03-06 19:38:35 [main] INFO  c.p.p.ProyectoSpringBoot01ApplicationTests - Started ProyectoSpringBoot01ApplicationTests in 1.954 seconds (process running for 3.058)
2026-03-06 19:38:40 [main] INFO  c.p.p.ProyectoSpringBoot01Application - Starting ProyectoSpringBoot01Application v1.0 using Java 25.0.2 with PID 527549 (/home/rusok/Documentos/workspace-spring-tools-for-eclipse-5.0.1.RELEASE/ProyectoSpringBoot01/target/ProyectoSpringBoot01-1.0.jar started by rusok in /home/rusok/Documentos/workspace-spring-tools-for-eclipse-5.0.1.RELEASE/ProyectoSpringBoot01)
2026-03-06 19:38:40 [main] INFO  c.p.p.ProyectoSpringBoot01Application - No active profile set, falling back to 1 default profile: "default"
2026-03-06 19:38:42 [main] INFO  o.s.b.t.TomcatWebServer - Tomcat initialized with port 7001 (http)
2026-03-06 19:38:42 [main] INFO  o.a.c.core.StandardService - Starting service [Tomcat]
2026-03-06 19:38:42 [main] INFO  o.a.c.core.StandardEngine - Starting Servlet engine: [Apache Tomcat/11.0.18]
2026-03-06 19:38:42 [main] INFO  o.s.b.w.c.s.WebApplicationContextInitializer - Root WebApplicationContext: initialization completed in 1697 ms
2026-03-06 19:38:43 [main] INFO  o.s.b.a.e.w.EndpointLinksResolver - Exposing 4 endpoints beneath base path '/actuator'
2026-03-06 19:38:43 [main] INFO  o.s.b.t.TomcatWebServer - Tomcat started on port 7001 (http) with context path '/'
2026-03-06 19:38:43 [main] INFO  c.p.p.ProyectoSpringBoot01Application - Started ProyectoSpringBoot01Application in 4.237 seconds (process running for 4.766)
2026-03-06 19:39:05 [http-nio-7001-exec-1] INFO  o.a.c.c.C.[.[.[/] - Initializing Spring DispatcherServlet 'dispatcherServlet'
2026-03-06 19:39:05 [http-nio-7001-exec-1] INFO  o.s.w.s.DispatcherServlet - Initializing Servlet 'dispatcherServlet'
2026-03-06 19:39:05 [http-nio-7001-exec-1] INFO  o.s.w.s.DispatcherServlet - Completed initialization in 2 ms
2026-03-06 19:45:32 [http-nio-7001-exec-10] WARN  o.s.w.servlet.PageNotFound - No mapping for GET /estudiante/
2026-03-06 19:45:32 [http-nio-7001-exec-10] WARN  o.s.w.servlet.PageNotFound - No endpoint GET /estudiante/.
2026-03-06 19:54:55 [SpringApplicationShutdownHook] INFO  o.s.b.t.GracefulShutdown - Commencing graceful shutdown. Waiting for active requests to complete
2026-03-06 19:54:55 [tomcat-shutdown] INFO  o.s.b.t.GracefulShutdown - Graceful shutdown complete
