2026-03-11 16:30:49 [main] INFO  c.p.p.ProyectoSpringBoot01ApplicationTests - Starting ProyectoSpringBoot01ApplicationTests using Java 25.0.2 with PID 130653 (started by rusok in /home/rusok/Documentos/workspace-spring-tools-for-eclipse-5.0.1.RELEASE/ProyectoSpringBoot01)
2026-03-11 16:30:49 [main] INFO  c.p.p.ProyectoSpringBoot01ApplicationTests - No active profile set, falling back to 1 default profile: "default"
2026-03-11 16:30:51 [main] INFO  o.s.b.a.e.w.EndpointLinksResolver - Exposing 4 endpoints beneath base path '/actuator'
2026-03-11 16:30:51 [main] INFO  c.p.p.ProyectoSpringBoot01ApplicationTests - Started ProyectoSpringBoot01ApplicationTests in 2.096 seconds (process running for 3.275)
2026-03-11 16:32:11 [main] INFO  c.p.p.ProyectoSpringBoot01Application - Starting ProyectoSpringBoot01Application v1.0 using Java 25.0.2 with PID 137055 (/home/rusok/Documentos/workspace-spring-tools-for-eclipse-5.0.1.RELEASE/ProyectoSpringBoot01/target/ProyectoSpringBoot01-1.0.jar started by rusok in /home/rusok/Documentos/workspace-spring-tools-for-eclipse-5.0.1.RELEASE/ProyectoSpringBoot01)
2026-03-11 16:32:11 [main] INFO  c.p.p.ProyectoSpringBoot01Application - No active profile set, falling back to 1 default profile: "default"
2026-03-11 16:32:12 [main] INFO  o.s.b.t.TomcatWebServer - Tomcat initialized with port 7001 (http)
2026-03-11 16:32:12 [main] INFO  o.a.c.core.StandardService - Starting service [Tomcat]
2026-03-11 16:32:12 [main] INFO  o.a.c.core.StandardEngine - Starting Servlet engine: [Apache Tomcat/11.0.18]
2026-03-11 16:32:12 [main] INFO  o.s.b.w.c.s.WebApplicationContextInitializer - Root WebApplicationContext: initialization completed in 1183 ms
2026-03-11 16:32:13 [main] INFO  o.s.b.a.e.w.EndpointLinksResolver - Exposing 4 endpoints beneath base path '/actuator'
2026-03-11 16:32:13 [main] INFO  o.s.b.t.TomcatWebServer - Tomcat started on port 7001 (http) with context path '/'
2026-03-11 16:32:13 [main] INFO  c.p.p.ProyectoSpringBoot01Application - Started ProyectoSpringBoot01Application in 2.615 seconds (process running for 3.143)
2026-03-11 16:33:25 [http-nio-7001-exec-2] INFO  o.a.c.c.C.[.[.[/] - Initializing Spring DispatcherServlet 'dispatcherServlet'
2026-03-11 16:33:25 [http-nio-7001-exec-2] INFO  o.s.w.s.DispatcherServlet - Initializing Servlet 'dispatcherServlet'
2026-03-11 16:33:25 [http-nio-7001-exec-2] INFO  o.s.w.s.DispatcherServlet - Completed initialization in 2 ms
2026-03-11 16:33:48 [http-nio-7001-exec-5] WARN  o.s.w.s.m.s.DefaultHandlerExceptionResolver - Resolved [org.springframework.http.converter.HttpMessageNotReadableException: JSON parse error: Cannot deserialize value of type `java.util.LinkedHashMap<java.lang.String,java.lang.Object>` from Array value (token `JsonToken.START_ARRAY`)]
2026-03-11 16:41:58 [http-nio-7001-exec-7] ERROR o.a.c.c.C.[.[.[.[dispatcherServlet] - Servlet.service() for servlet [dispatcherServlet] in context with path [] threw exception [Request processing failed: org.springframework.http.converter.HttpMessageConversionException: Type definition error: [simple type, class com.fasterxml.jackson.databind.JsonNode]] with root cause
tools.jackson.databind.exc.InvalidDefinitionException: Cannot construct instance of `com.fasterxml.jackson.databind.JsonNode` (no Creators, like default constructor, exist): abstract types either need to be mapped to concrete types, have custom deserializer, or contain additional type information
 at [Source: REDACTED (`StreamReadFeature.INCLUDE_SOURCE_IN_LOCATION` disabled); byte offset: #50] (through reference chain: java.util.ArrayList[0]->com.github.fge.jsonpatch.ReplaceOperation["value"])
	at tools.jackson.databind.exc.InvalidDefinitionException.from(InvalidDefinitionException.java:70)
	at tools.jackson.databind.DeserializationContext.reportBadDefinition(DeserializationContext.java:1950)
	at tools.jackson.databind.DatabindContext.reportBadDefinition(DatabindContext.java:448)
	at tools.jackson.databind.DeserializationContext.handleMissingInstantiator(DeserializationContext.java:1480)
	at tools.jackson.databind.deser.AbstractDeserializer.deserialize(AbstractDeserializer.java:254)
	at tools.jackson.databind.deser.SettableBeanProperty.deserialize(SettableBeanProperty.java:561)
	at tools.jackson.databind.deser.bean.BeanDeserializer._deserializeWithErrorWrapping(BeanDeserializer.java:752)
	at tools.jackson.databind.deser.bean.BeanDeserializer._deserializeUsingPropertyBased(BeanDeserializer.java:598)
	at tools.jackson.databind.deser.bean.BeanDeserializerBase.deserializeFromObjectUsingNonDefault(BeanDeserializerBase.java:1417)
	at tools.jackson.databind.deser.bean.BeanDeserializer.deserializeFromObject(BeanDeserializer.java:480)
	at tools.jackson.databind.deser.bean.BeanDeserializer._deserializeOther(BeanDeserializer.java:235)
	at tools.jackson.databind.deser.bean.BeanDeserializer.deserialize(BeanDeserializer.java:202)
	at tools.jackson.databind.jsontype.impl.AsPropertyTypeDeserializer._deserializeTypedForId(AsPropertyTypeDeserializer.java:138)
	at tools.jackson.databind.jsontype.impl.AsPropertyTypeDeserializer.deserializeTypedFromObject(AsPropertyTypeDeserializer.java:103)
	at tools.jackson.databind.deser.AbstractDeserializer.deserializeWithType(AbstractDeserializer.java:243)
	at tools.jackson.databind.deser.jdk.CollectionDeserializer._deserializeNoNullChecks(CollectionDeserializer.java:495)
	at tools.jackson.databind.deser.jdk.CollectionDeserializer._deserializeFromArray(CollectionDeserializer.java:348)
	at tools.jackson.databind.deser.jdk.CollectionDeserializer.deserialize(CollectionDeserializer.java:238)
	at tools.jackson.databind.deser.jdk.CollectionDeserializer.deserialize(CollectionDeserializer.java:29)
	at tools.jackson.databind.deser.bean.BeanDeserializer._deserializeFromArray(BeanDeserializer.java:795)
	at tools.jackson.databind.deser.bean.BeanDeserializer._deserializeOther(BeanDeserializer.java:226)
	at tools.jackson.databind.deser.bean.BeanDeserializer.deserialize(BeanDeserializer.java:202)
	at tools.jackson.databind.deser.DeserializationContextExt.readRootValue(DeserializationContextExt.java:265)
	at tools.jackson.databind.ObjectReader._bindAndClose(ObjectReader.java:1646)
	at tools.jackson.databind.ObjectReader.readValue(ObjectReader.java:1171)
	at org.springframework.http.converter.AbstractJacksonHttpMessageConverter.readJavaType(AbstractJacksonHttpMessageConverter.java:352)
	at org.springframework.http.converter.AbstractJacksonHttpMessageConverter.read(AbstractJacksonHttpMessageConverter.java:319)
	at org.springframework.web.servlet.mvc.method.annotation.AbstractMessageConverterMethodArgumentResolver.readWithMessageConverters(AbstractMessageConverterMethodArgumentResolver.java:203)
	at org.springframework.web.servlet.mvc.method.annotation.RequestResponseBodyMethodProcessor.readWithMessageConverters(RequestResponseBodyMethodProcessor.java:181)
	at org.springframework.web.servlet.mvc.method.annotation.RequestResponseBodyMethodProcessor.resolveArgument(RequestResponseBodyMethodProcessor.java:156)
	at org.springframework.web.method.support.HandlerMethodArgumentResolverComposite.resolveArgument(HandlerMethodArgumentResolverComposite.java:122)
	at org.springframework.web.method.support.InvocableHandlerMethod.getMethodArgumentValues(InvocableHandlerMethod.java:224)
	at org.springframework.web.method.support.InvocableHandlerMethod.invokeForRequest(InvocableHandlerMethod.java:174)
	at org.springframework.web.servlet.mvc.method.annotation.ServletInvocableHandlerMethod.invokeAndHandle(ServletInvocableHandlerMethod.java:117)
	at org.springframework.web.servlet.mvc.method.annotation.RequestMappingHandlerAdapter.invokeHandlerMethod(RequestMappingHandlerAdapter.java:934)
	at org.springframework.web.servlet.mvc.method.annotation.RequestMappingHandlerAdapter.handleInternal(RequestMappingHandlerAdapter.java:853)
	at org.springframework.web.servlet.mvc.method.AbstractHandlerMethodAdapter.handle(AbstractHandlerMethodAdapter.java:86)
	at org.springframework.web.servlet.DispatcherServlet.doDispatch(DispatcherServlet.java:963)
	at org.springframework.web.servlet.DispatcherServlet.doService(DispatcherServlet.java:866)
	at org.springframework.web.servlet.FrameworkServlet.processRequest(FrameworkServlet.java:1000)
	at org.springframework.web.servlet.FrameworkServlet.service(FrameworkServlet.java:877)
	at jakarta.servlet.http.HttpServlet.service(HttpServlet.java:710)
	at org.apache.catalina.core.ApplicationFilterChain.doFilter(ApplicationFilterChain.java:128)
	at org.apache.tomcat.websocket.server.WsFilter.doFilter(WsFilter.java:53)
	at org.apache.catalina.core.ApplicationFilterChain.doFilter(ApplicationFilterChain.java:107)
	at org.springframework.web.filter.RequestContextFilter.doFilterInternal(RequestContextFilter.java:100)
	at org.springframework.web.filter.OncePerRequestFilter.doFilter(OncePerRequestFilter.java:116)
	at org.apache.catalina.core.ApplicationFilterChain.doFilter(ApplicationFilterChain.java:107)
	at org.springframework.web.filter.FormContentFilter.doFilterInternal(FormContentFilter.java:93)
	at org.springframework.web.filter.OncePerRequestFilter.doFilter(OncePerRequestFilter.java:116)
	at org.apache.catalina.core.ApplicationFilterChain.doFilter(ApplicationFilterChain.java:107)
	at org.springframework.web.filter.ServerHttpObservationFilter.doFilterInternal(ServerHttpObservationFilter.java:110)
	at org.springframework.web.filter.OncePerRequestFilter.doFilter(OncePerRequestFilter.java:116)
	at org.apache.catalina.core.ApplicationFilterChain.doFilter(ApplicationFilterChain.java:107)
	at org.springframework.web.filter.CharacterEncodingFilter.doFilterInternal(CharacterEncodingFilter.java:199)
	at org.springframework.web.filter.OncePerRequestFilter.doFilter(OncePerRequestFilter.java:116)
	at org.apache.catalina.core.ApplicationFilterChain.doFilter(ApplicationFilterChain.java:107)
	at org.apache.catalina.core.StandardWrapperValve.invoke(StandardWrapperValve.java:165)
	at org.apache.catalina.core.StandardContextValve.invoke(StandardContextValve.java:77)
	at org.apache.catalina.authenticator.AuthenticatorBase.invoke(AuthenticatorBase.java:492)
	at org.apache.catalina.core.StandardHostValve.invoke(StandardHostValve.java:113)
	at org.apache.catalina.valves.ErrorReportValve.invoke(ErrorReportValve.java:83)
	at org.apache.catalina.core.StandardEngineValve.invoke(StandardEngineValve.java:72)
	at org.apache.catalina.connector.CoyoteAdapter.service(CoyoteAdapter.java:341)
	at org.apache.coyote.http11.Http11Processor.service(Http11Processor.java:397)
	at org.apache.coyote.AbstractProcessorLight.process(AbstractProcessorLight.java:63)
	at org.apache.coyote.AbstractProtocol$ConnectionHandler.process(AbstractProtocol.java:903)
	at org.apache.tomcat.util.net.NioEndpoint$SocketProcessor.doRun(NioEndpoint.java:1779)
	at org.apache.tomcat.util.net.SocketProcessorBase.run(SocketProcessorBase.java:52)
	at org.apache.tomcat.util.threads.ThreadPoolExecutor.runWorker(ThreadPoolExecutor.java:946)
	at org.apache.tomcat.util.threads.ThreadPoolExecutor$Worker.run(ThreadPoolExecutor.java:480)
	at org.apache.tomcat.util.threads.TaskThread$WrappingRunnable.run(TaskThread.java:57)
	at java.base/java.lang.Thread.run(Thread.java:1474)
2026-03-11 16:46:54 [SpringApplicationShutdownHook] INFO  o.s.b.t.GracefulShutdown - Commencing graceful shutdown. Waiting for active requests to complete
2026-03-11 16:46:54 [tomcat-shutdown] INFO  o.s.b.t.GracefulShutdown - Graceful shutdown complete
2026-03-11 16:52:49 [main] INFO  c.p.p.ProyectoSpringBoot01ApplicationTests - Starting ProyectoSpringBoot01ApplicationTests using Java 25.0.2 with PID 234755 (started by rusok in /home/rusok/Documentos/workspace-spring-tools-for-eclipse-5.0.1.RELEASE/ProyectoSpringBoot01)
2026-03-11 16:52:49 [main] INFO  c.p.p.ProyectoSpringBoot01ApplicationTests - No active profile set, falling back to 1 default profile: "default"
2026-03-11 16:52:51 [main] INFO  o.s.b.a.e.w.EndpointLinksResolver - Exposing 4 endpoints beneath base path '/actuator'
2026-03-11 16:52:51 [main] INFO  c.p.p.ProyectoSpringBoot01ApplicationTests - Started ProyectoSpringBoot01ApplicationTests in 1.849 seconds (process running for 2.864)
2026-03-11 16:52:56 [main] INFO  c.p.p.ProyectoSpringBoot01Application - Starting ProyectoSpringBoot01Application v1.0 using Java 25.0.2 with PID 235361 (/home/rusok/Documentos/workspace-spring-tools-for-eclipse-5.0.1.RELEASE/ProyectoSpringBoot01/target/ProyectoSpringBoot01-1.0.jar started by rusok in /home/rusok/Documentos/workspace-spring-tools-for-eclipse-5.0.1.RELEASE/ProyectoSpringBoot01)
2026-03-11 16:52:56 [main] INFO  c.p.p.ProyectoSpringBoot01Application - No active profile set, falling back to 1 default profile: "default"
2026-03-11 16:52:57 [main] INFO  o.s.b.t.TomcatWebServer - Tomcat initialized with port 7001 (http)
2026-03-11 16:52:57 [main] INFO  o.a.c.core.StandardService - Starting service [Tomcat]
2026-03-11 16:52:57 [main] INFO  o.a.c.core.StandardEngine - Starting Servlet engine: [Apache Tomcat/11.0.18]
2026-03-11 16:52:57 [main] INFO  o.s.b.w.c.s.WebApplicationContextInitializer - Root WebApplicationContext: initialization completed in 1129 ms
2026-03-11 16:52:58 [main] INFO  o.s.b.a.e.w.EndpointLinksResolver - Exposing 4 endpoints beneath base path '/actuator'
2026-03-11 16:52:58 [main] INFO  o.s.b.t.TomcatWebServer - Tomcat started on port 7001 (http) with context path '/'
2026-03-11 16:52:58 [main] INFO  c.p.p.ProyectoSpringBoot01Application - Started ProyectoSpringBoot01Application in 2.518 seconds (process running for 2.998)
2026-03-11 16:53:11 [http-nio-7001-exec-1] INFO  o.a.c.c.C.[.[.[/] - Initializing Spring DispatcherServlet 'dispatcherServlet'
2026-03-11 16:53:11 [http-nio-7001-exec-1] INFO  o.s.w.s.DispatcherServlet - Initializing Servlet 'dispatcherServlet'
2026-03-11 16:53:11 [http-nio-7001-exec-1] INFO  o.s.w.s.DispatcherServlet - Completed initialization in 1 ms
2026-03-11 16:53:11 [http-nio-7001-exec-1] ERROR o.a.c.c.C.[.[.[.[dispatcherServlet] - Servlet.service() for servlet [dispatcherServlet] in context with path [] threw exception [Request processing failed: org.springframework.http.converter.HttpMessageConversionException: Type definition error: [simple type, class com.fasterxml.jackson.databind.JsonNode]] with root cause
tools.jackson.databind.exc.InvalidDefinitionException: Cannot construct instance of `com.fasterxml.jackson.databind.JsonNode` (no Creators, like default constructor, exist): abstract types either need to be mapped to concrete types, have custom deserializer, or contain additional type information
 at [Source: REDACTED (`StreamReadFeature.INCLUDE_SOURCE_IN_LOCATION` disabled); byte offset: #50] (through reference chain: java.util.ArrayList[0]->com.github.fge.jsonpatch.ReplaceOperation["value"])
	at tools.jackson.databind.exc.InvalidDefinitionException.from(InvalidDefinitionException.java:70)
	at tools.jackson.databind.DeserializationContext.reportBadDefinition(DeserializationContext.java:1950)
	at tools.jackson.databind.DatabindContext.reportBadDefinition(DatabindContext.java:448)
	at tools.jackson.databind.DeserializationContext.handleMissingInstantiator(DeserializationContext.java:1480)
	at tools.jackson.databind.deser.AbstractDeserializer.deserialize(AbstractDeserializer.java:254)
	at tools.jackson.databind.deser.SettableBeanProperty.deserialize(SettableBeanProperty.java:561)
	at tools.jackson.databind.deser.bean.BeanDeserializer._deserializeWithErrorWrapping(BeanDeserializer.java:752)
	at tools.jackson.databind.deser.bean.BeanDeserializer._deserializeUsingPropertyBased(BeanDeserializer.java:598)
	at tools.jackson.databind.deser.bean.BeanDeserializerBase.deserializeFromObjectUsingNonDefault(BeanDeserializerBase.java:1417)
	at tools.jackson.databind.deser.bean.BeanDeserializer.deserializeFromObject(BeanDeserializer.java:480)
	at tools.jackson.databind.deser.bean.BeanDeserializer._deserializeOther(BeanDeserializer.java:235)
	at tools.jackson.databind.deser.bean.BeanDeserializer.deserialize(BeanDeserializer.java:202)
	at tools.jackson.databind.jsontype.impl.AsPropertyTypeDeserializer._deserializeTypedForId(AsPropertyTypeDeserializer.java:138)
	at tools.jackson.databind.jsontype.impl.AsPropertyTypeDeserializer.deserializeTypedFromObject(AsPropertyTypeDeserializer.java:103)
	at tools.jackson.databind.deser.AbstractDeserializer.deserializeWithType(AbstractDeserializer.java:243)
	at tools.jackson.databind.deser.jdk.CollectionDeserializer._deserializeNoNullChecks(CollectionDeserializer.java:495)
	at tools.jackson.databind.deser.jdk.CollectionDeserializer._deserializeFromArray(CollectionDeserializer.java:348)
	at tools.jackson.databind.deser.jdk.CollectionDeserializer.deserialize(CollectionDeserializer.java:238)
	at tools.jackson.databind.deser.jdk.CollectionDeserializer.deserialize(CollectionDeserializer.java:29)
	at tools.jackson.databind.deser.bean.BeanDeserializer._deserializeFromArray(BeanDeserializer.java:795)
	at tools.jackson.databind.deser.bean.BeanDeserializer._deserializeOther(BeanDeserializer.java:226)
	at tools.jackson.databind.deser.bean.BeanDeserializer.deserialize(BeanDeserializer.java:202)
	at tools.jackson.databind.deser.DeserializationContextExt.readRootValue(DeserializationContextExt.java:265)
	at tools.jackson.databind.ObjectReader._bindAndClose(ObjectReader.java:1646)
	at tools.jackson.databind.ObjectReader.readValue(ObjectReader.java:1171)
	at org.springframework.http.converter.AbstractJacksonHttpMessageConverter.readJavaType(AbstractJacksonHttpMessageConverter.java:352)
	at org.springframework.http.converter.AbstractJacksonHttpMessageConverter.read(AbstractJacksonHttpMessageConverter.java:319)
	at org.springframework.web.servlet.mvc.method.annotation.AbstractMessageConverterMethodArgumentResolver.readWithMessageConverters(AbstractMessageConverterMethodArgumentResolver.java:203)
	at org.springframework.web.servlet.mvc.method.annotation.RequestResponseBodyMethodProcessor.readWithMessageConverters(RequestResponseBodyMethodProcessor.java:181)
	at org.springframework.web.servlet.mvc.method.annotation.RequestResponseBodyMethodProcessor.resolveArgument(RequestResponseBodyMethodProcessor.java:156)
	at org.springframework.web.method.support.HandlerMethodArgumentResolverComposite.resolveArgument(HandlerMethodArgumentResolverComposite.java:122)
	at org.springframework.web.method.support.InvocableHandlerMethod.getMethodArgumentValues(InvocableHandlerMethod.java:224)
	at org.springframework.web.method.support.InvocableHandlerMethod.invokeForRequest(InvocableHandlerMethod.java:174)
	at org.springframework.web.servlet.mvc.method.annotation.ServletInvocableHandlerMethod.invokeAndHandle(ServletInvocableHandlerMethod.java:117)
	at org.springframework.web.servlet.mvc.method.annotation.RequestMappingHandlerAdapter.invokeHandlerMethod(RequestMappingHandlerAdapter.java:934)
	at org.springframework.web.servlet.mvc.method.annotation.RequestMappingHandlerAdapter.handleInternal(RequestMappingHandlerAdapter.java:853)
	at org.springframework.web.servlet.mvc.method.AbstractHandlerMethodAdapter.handle(AbstractHandlerMethodAdapter.java:86)
	at org.springframework.web.servlet.DispatcherServlet.doDispatch(DispatcherServlet.java:963)
	at org.springframework.web.servlet.DispatcherServlet.doService(DispatcherServlet.java:866)
	at org.springframework.web.servlet.FrameworkServlet.processRequest(FrameworkServlet.java:1000)
	at org.springframework.web.servlet.FrameworkServlet.service(FrameworkServlet.java:877)
	at jakarta.servlet.http.HttpServlet.service(HttpServlet.java:710)
	at org.apache.catalina.core.ApplicationFilterChain.doFilter(ApplicationFilterChain.java:128)
	at org.apache.tomcat.websocket.server.WsFilter.doFilter(WsFilter.java:53)
	at org.apache.catalina.core.ApplicationFilterChain.doFilter(ApplicationFilterChain.java:107)
	at org.springframework.web.filter.RequestContextFilter.doFilterInternal(RequestContextFilter.java:100)
	at org.springframework.web.filter.OncePerRequestFilter.doFilter(OncePerRequestFilter.java:116)
	at org.apache.catalina.core.ApplicationFilterChain.doFilter(ApplicationFilterChain.java:107)
	at org.springframework.web.filter.FormContentFilter.doFilterInternal(FormContentFilter.java:93)
	at org.springframework.web.filter.OncePerRequestFilter.doFilter(OncePerRequestFilter.java:116)
	at org.apache.catalina.core.ApplicationFilterChain.doFilter(ApplicationFilterChain.java:107)
	at org.springframework.web.filter.ServerHttpObservationFilter.doFilterInternal(ServerHttpObservationFilter.java:110)
	at org.springframework.web.filter.OncePerRequestFilter.doFilter(OncePerRequestFilter.java:116)
	at org.apache.catalina.core.ApplicationFilterChain.doFilter(ApplicationFilterChain.java:107)
	at org.springframework.web.filter.CharacterEncodingFilter.doFilterInternal(CharacterEncodingFilter.java:199)
	at org.springframework.web.filter.OncePerRequestFilter.doFilter(OncePerRequestFilter.java:116)
	at org.apache.catalina.core.ApplicationFilterChain.doFilter(ApplicationFilterChain.java:107)
	at org.apache.catalina.core.StandardWrapperValve.invoke(StandardWrapperValve.java:165)
	at org.apache.catalina.core.StandardContextValve.invoke(StandardContextValve.java:77)
	at org.apache.catalina.authenticator.AuthenticatorBase.invoke(AuthenticatorBase.java:492)
	at org.apache.catalina.core.StandardHostValve.invoke(StandardHostValve.java:113)
	at org.apache.catalina.valves.ErrorReportValve.invoke(ErrorReportValve.java:83)
	at org.apache.catalina.core.StandardEngineValve.invoke(StandardEngineValve.java:72)
	at org.apache.catalina.connector.CoyoteAdapter.service(CoyoteAdapter.java:341)
	at org.apache.coyote.http11.Http11Processor.service(Http11Processor.java:397)
	at org.apache.coyote.AbstractProcessorLight.process(AbstractProcessorLight.java:63)
	at org.apache.coyote.AbstractProtocol$ConnectionHandler.process(AbstractProtocol.java:903)
	at org.apache.tomcat.util.net.NioEndpoint$SocketProcessor.doRun(NioEndpoint.java:1779)
	at org.apache.tomcat.util.net.SocketProcessorBase.run(SocketProcessorBase.java:52)
	at org.apache.tomcat.util.threads.ThreadPoolExecutor.runWorker(ThreadPoolExecutor.java:946)
	at org.apache.tomcat.util.threads.ThreadPoolExecutor$Worker.run(ThreadPoolExecutor.java:480)
	at org.apache.tomcat.util.threads.TaskThread$WrappingRunnable.run(TaskThread.java:57)
	at java.base/java.lang.Thread.run(Thread.java:1474)
2026-03-11 18:02:17 [SpringApplicationShutdownHook] INFO  o.s.b.t.GracefulShutdown - Commencing graceful shutdown. Waiting for active requests to complete
2026-03-11 18:02:17 [tomcat-shutdown] INFO  o.s.b.t.GracefulShutdown - Graceful shutdown complete
2026-03-11 18:05:32 [main] INFO  c.p.p.ProyectoSpringBoot01ApplicationTests - Starting ProyectoSpringBoot01ApplicationTests using Java 25.0.2 with PID 576261 (started by rusok in /home/rusok/Documentos/workspace-spring-tools-for-eclipse-5.0.1.RELEASE/ProyectoSpringBoot01)
2026-03-11 18:05:32 [main] INFO  c.p.p.ProyectoSpringBoot01ApplicationTests - No active profile set, falling back to 1 default profile: "default"
2026-03-11 18:05:34 [main] INFO  o.s.b.a.e.w.EndpointLinksResolver - Exposing 4 endpoints beneath base path '/actuator'
2026-03-11 18:05:34 [main] INFO  c.p.p.ProyectoSpringBoot01ApplicationTests - Started ProyectoSpringBoot01ApplicationTests in 2.299 seconds (process running for 3.556)
2026-03-11 18:06:30 [main] INFO  c.p.p.ProyectoSpringBoot01Application - Starting ProyectoSpringBoot01Application v1.0 using Java 25.0.2 with PID 580879 (/home/rusok/Documentos/workspace-spring-tools-for-eclipse-5.0.1.RELEASE/ProyectoSpringBoot01/target/ProyectoSpringBoot01-1.0.jar started by rusok in /home/rusok/Documentos/workspace-spring-tools-for-eclipse-5.0.1.RELEASE/ProyectoSpringBoot01)
2026-03-11 18:06:30 [main] INFO  c.p.p.ProyectoSpringBoot01Application - No active profile set, falling back to 1 default profile: "default"
2026-03-11 18:06:31 [main] INFO  o.s.b.t.TomcatWebServer - Tomcat initialized with port 7001 (http)
2026-03-11 18:06:31 [main] INFO  o.a.c.core.StandardService - Starting service [Tomcat]
2026-03-11 18:06:31 [main] INFO  o.a.c.core.StandardEngine - Starting Servlet engine: [Apache Tomcat/11.0.18]
2026-03-11 18:06:31 [main] INFO  o.s.b.w.c.s.WebApplicationContextInitializer - Root WebApplicationContext: initialization completed in 1197 ms
2026-03-11 18:06:32 [main] INFO  o.s.b.a.e.w.EndpointLinksResolver - Exposing 4 endpoints beneath base path '/actuator'
2026-03-11 18:06:32 [main] INFO  o.s.b.t.TomcatWebServer - Tomcat started on port 7001 (http) with context path '/'
2026-03-11 18:06:32 [main] INFO  c.p.p.ProyectoSpringBoot01Application - Started ProyectoSpringBoot01Application in 2.535 seconds (process running for 3.159)
2026-03-11 18:06:58 [http-nio-7001-exec-1] INFO  o.a.c.c.C.[.[.[/] - Initializing Spring DispatcherServlet 'dispatcherServlet'
2026-03-11 18:06:58 [http-nio-7001-exec-1] INFO  o.s.w.s.DispatcherServlet - Initializing Servlet 'dispatcherServlet'
2026-03-11 18:06:58 [http-nio-7001-exec-1] INFO  o.s.w.s.DispatcherServlet - Completed initialization in 1 ms
2026-03-11 18:06:58 [http-nio-7001-exec-1] ERROR o.a.c.c.C.[.[.[.[dispatcherServlet] - Servlet.service() for servlet [dispatcherServlet] in context with path [] threw exception [Request processing failed: org.springframework.http.converter.HttpMessageConversionException: Type definition error: [simple type, class com.fasterxml.jackson.databind.JsonNode]] with root cause
tools.jackson.databind.exc.InvalidDefinitionException: Cannot construct instance of `com.fasterxml.jackson.databind.JsonNode` (no Creators, like default constructor, exist): abstract types either need to be mapped to concrete types, have custom deserializer, or contain additional type information
 at [Source: REDACTED (`StreamReadFeature.INCLUDE_SOURCE_IN_LOCATION` disabled); byte offset: #0]
	at tools.jackson.databind.exc.InvalidDefinitionException.from(InvalidDefinitionException.java:70)
	at tools.jackson.databind.DeserializationContext.reportBadDefinition(DeserializationContext.java:1950)
	at tools.jackson.databind.DatabindContext.reportBadDefinition(DatabindContext.java:448)
	at tools.jackson.databind.DeserializationContext.handleMissingInstantiator(DeserializationContext.java:1480)
	at tools.jackson.databind.deser.AbstractDeserializer.deserialize(AbstractDeserializer.java:254)
	at tools.jackson.databind.deser.DeserializationContextExt.readRootValue(DeserializationContextExt.java:265)
	at tools.jackson.databind.ObjectReader._bindAndClose(ObjectReader.java:1646)
	at tools.jackson.databind.ObjectReader.readValue(ObjectReader.java:1171)
	at org.springframework.http.converter.AbstractJacksonHttpMessageConverter.readJavaType(AbstractJacksonHttpMessageConverter.java:352)
	at org.springframework.http.converter.AbstractJacksonHttpMessageConverter.read(AbstractJacksonHttpMessageConverter.java:319)
	at org.springframework.web.servlet.mvc.method.annotation.AbstractMessageConverterMethodArgumentResolver.readWithMessageConverters(AbstractMessageConverterMethodArgumentResolver.java:203)
	at org.springframework.web.servlet.mvc.method.annotation.RequestResponseBodyMethodProcessor.readWithMessageConverters(RequestResponseBodyMethodProcessor.java:181)
	at org.springframework.web.servlet.mvc.method.annotation.RequestResponseBodyMethodProcessor.resolveArgument(RequestResponseBodyMethodProcessor.java:156)
	at org.springframework.web.method.support.HandlerMethodArgumentResolverComposite.resolveArgument(HandlerMethodArgumentResolverComposite.java:122)
	at org.springframework.web.method.support.InvocableHandlerMethod.getMethodArgumentValues(InvocableHandlerMethod.java:224)
	at org.springframework.web.method.support.InvocableHandlerMethod.invokeForRequest(InvocableHandlerMethod.java:174)
	at org.springframework.web.servlet.mvc.method.annotation.ServletInvocableHandlerMethod.invokeAndHandle(ServletInvocableHandlerMethod.java:117)
	at org.springframework.web.servlet.mvc.method.annotation.RequestMappingHandlerAdapter.invokeHandlerMethod(RequestMappingHandlerAdapter.java:934)
	at org.springframework.web.servlet.mvc.method.annotation.RequestMappingHandlerAdapter.handleInternal(RequestMappingHandlerAdapter.java:853)
	at org.springframework.web.servlet.mvc.method.AbstractHandlerMethodAdapter.handle(AbstractHandlerMethodAdapter.java:86)
	at org.springframework.web.servlet.DispatcherServlet.doDispatch(DispatcherServlet.java:963)
	at org.springframework.web.servlet.DispatcherServlet.doService(DispatcherServlet.java:866)
	at org.springframework.web.servlet.FrameworkServlet.processRequest(FrameworkServlet.java:1000)
	at org.springframework.web.servlet.FrameworkServlet.service(FrameworkServlet.java:877)
	at jakarta.servlet.http.HttpServlet.service(HttpServlet.java:710)
	at org.apache.catalina.core.ApplicationFilterChain.doFilter(ApplicationFilterChain.java:128)
	at org.apache.tomcat.websocket.server.WsFilter.doFilter(WsFilter.java:53)
	at org.apache.catalina.core.ApplicationFilterChain.doFilter(ApplicationFilterChain.java:107)
	at org.springframework.web.filter.RequestContextFilter.doFilterInternal(RequestContextFilter.java:100)
	at org.springframework.web.filter.OncePerRequestFilter.doFilter(OncePerRequestFilter.java:116)
	at org.apache.catalina.core.ApplicationFilterChain.doFilter(ApplicationFilterChain.java:107)
	at org.springframework.web.filter.FormContentFilter.doFilterInternal(FormContentFilter.java:93)
	at org.springframework.web.filter.OncePerRequestFilter.doFilter(OncePerRequestFilter.java:116)
	at org.apache.catalina.core.ApplicationFilterChain.doFilter(ApplicationFilterChain.java:107)
	at org.springframework.web.filter.ServerHttpObservationFilter.doFilterInternal(ServerHttpObservationFilter.java:110)
	at org.springframework.web.filter.OncePerRequestFilter.doFilter(OncePerRequestFilter.java:116)
	at org.apache.catalina.core.ApplicationFilterChain.doFilter(ApplicationFilterChain.java:107)
	at org.springframework.web.filter.CharacterEncodingFilter.doFilterInternal(CharacterEncodingFilter.java:199)
	at org.springframework.web.filter.OncePerRequestFilter.doFilter(OncePerRequestFilter.java:116)
	at org.apache.catalina.core.ApplicationFilterChain.doFilter(ApplicationFilterChain.java:107)
	at org.apache.catalina.core.StandardWrapperValve.invoke(StandardWrapperValve.java:165)
	at org.apache.catalina.core.StandardContextValve.invoke(StandardContextValve.java:77)
	at org.apache.catalina.authenticator.AuthenticatorBase.invoke(AuthenticatorBase.java:492)
	at org.apache.catalina.core.StandardHostValve.invoke(StandardHostValve.java:113)
	at org.apache.catalina.valves.ErrorReportValve.invoke(ErrorReportValve.java:83)
	at org.apache.catalina.core.StandardEngineValve.invoke(StandardEngineValve.java:72)
	at org.apache.catalina.connector.CoyoteAdapter.service(CoyoteAdapter.java:341)
	at org.apache.coyote.http11.Http11Processor.service(Http11Processor.java:397)
	at org.apache.coyote.AbstractProcessorLight.process(AbstractProcessorLight.java:63)
	at org.apache.coyote.AbstractProtocol$ConnectionHandler.process(AbstractProtocol.java:903)
	at org.apache.tomcat.util.net.NioEndpoint$SocketProcessor.doRun(NioEndpoint.java:1779)
	at org.apache.tomcat.util.net.SocketProcessorBase.run(SocketProcessorBase.java:52)
	at org.apache.tomcat.util.threads.ThreadPoolExecutor.runWorker(ThreadPoolExecutor.java:946)
	at org.apache.tomcat.util.threads.ThreadPoolExecutor$Worker.run(ThreadPoolExecutor.java:480)
	at org.apache.tomcat.util.threads.TaskThread$WrappingRunnable.run(TaskThread.java:57)
	at java.base/java.lang.Thread.run(Thread.java:1474)
2026-03-11 18:22:38 [SpringApplicationShutdownHook] INFO  o.s.b.t.GracefulShutdown - Commencing graceful shutdown. Waiting for active requests to complete
2026-03-11 18:22:38 [tomcat-shutdown] INFO  o.s.b.t.GracefulShutdown - Graceful shutdown complete
2026-03-11 18:22:45 [main] INFO  c.p.p.ProyectoSpringBoot01ApplicationTests - Starting ProyectoSpringBoot01ApplicationTests using Java 25.0.2 with PID 659767 (started by rusok in /home/rusok/Documentos/workspace-spring-tools-for-eclipse-5.0.1.RELEASE/ProyectoSpringBoot01)
2026-03-11 18:22:45 [main] INFO  c.p.p.ProyectoSpringBoot01ApplicationTests - No active profile set, falling back to 1 default profile: "default"
2026-03-11 18:22:46 [main] INFO  o.s.b.a.e.w.EndpointLinksResolver - Exposing 4 endpoints beneath base path '/actuator'
2026-03-11 18:22:46 [main] INFO  c.p.p.ProyectoSpringBoot01ApplicationTests - Started ProyectoSpringBoot01ApplicationTests in 1.761 seconds (process running for 2.765)
2026-03-11 18:23:04 [main] INFO  c.p.p.ProyectoSpringBoot01Application - Starting ProyectoSpringBoot01Application v1.0 using Java 25.0.2 with PID 661276 (/home/rusok/Documentos/workspace-spring-tools-for-eclipse-5.0.1.RELEASE/ProyectoSpringBoot01/target/ProyectoSpringBoot01-1.0.jar started by rusok in /home/rusok/Documentos/workspace-spring-tools-for-eclipse-5.0.1.RELEASE/ProyectoSpringBoot01)
2026-03-11 18:23:04 [main] INFO  c.p.p.ProyectoSpringBoot01Application - No active profile set, falling back to 1 default profile: "default"
2026-03-11 18:23:05 [main] INFO  o.s.b.t.TomcatWebServer - Tomcat initialized with port 7001 (http)
2026-03-11 18:23:05 [main] INFO  o.a.c.core.StandardService - Starting service [Tomcat]
2026-03-11 18:23:05 [main] INFO  o.a.c.core.StandardEngine - Starting Servlet engine: [Apache Tomcat/11.0.18]
2026-03-11 18:23:05 [main] INFO  o.s.b.w.c.s.WebApplicationContextInitializer - Root WebApplicationContext: initialization completed in 1236 ms
2026-03-11 18:23:06 [main] INFO  o.s.b.a.e.w.EndpointLinksResolver - Exposing 4 endpoints beneath base path '/actuator'
2026-03-11 18:23:06 [main] INFO  o.s.b.t.TomcatWebServer - Tomcat started on port 7001 (http) with context path '/'
2026-03-11 18:23:06 [main] INFO  c.p.p.ProyectoSpringBoot01Application - Started ProyectoSpringBoot01Application in 2.536 seconds (process running for 3.06)
2026-03-11 18:23:50 [http-nio-7001-exec-1] INFO  o.a.c.c.C.[.[.[/] - Initializing Spring DispatcherServlet 'dispatcherServlet'
2026-03-11 18:23:50 [http-nio-7001-exec-1] INFO  o.s.w.s.DispatcherServlet - Initializing Servlet 'dispatcherServlet'
2026-03-11 18:23:50 [http-nio-7001-exec-1] INFO  o.s.w.s.DispatcherServlet - Completed initialization in 1 ms
2026-03-11 18:24:03 [SpringApplicationShutdownHook] INFO  o.s.b.t.GracefulShutdown - Commencing graceful shutdown. Waiting for active requests to complete
2026-03-11 18:24:03 [tomcat-shutdown] INFO  o.s.b.t.GracefulShutdown - Graceful shutdown complete
2026-03-11 18:24:06 [main] INFO  c.p.p.ProyectoSpringBoot01Application - Starting ProyectoSpringBoot01Application v1.0 using Java 25.0.2 with PID 666048 (/home/rusok/Documentos/workspace-spring-tools-for-eclipse-5.0.1.RELEASE/ProyectoSpringBoot01/target/ProyectoSpringBoot01-1.0.jar started by rusok in /home/rusok/Documentos/workspace-spring-tools-for-eclipse-5.0.1.RELEASE/ProyectoSpringBoot01)
2026-03-11 18:24:06 [main] INFO  c.p.p.ProyectoSpringBoot01Application - No active profile set, falling back to 1 default profile: "default"
2026-03-11 18:24:08 [main] INFO  o.s.b.t.TomcatWebServer - Tomcat initialized with port 7001 (http)
2026-03-11 18:24:08 [main] INFO  o.a.c.core.StandardService - Starting service [Tomcat]
2026-03-11 18:24:08 [main] INFO  o.a.c.core.StandardEngine - Starting Servlet engine: [Apache Tomcat/11.0.18]
2026-03-11 18:24:08 [main] INFO  o.s.b.w.c.s.WebApplicationContextInitializer - Root WebApplicationContext: initialization completed in 1134 ms
2026-03-11 18:24:08 [main] INFO  o.s.b.a.e.w.EndpointLinksResolver - Exposing 4 endpoints beneath base path '/actuator'
2026-03-11 18:24:08 [main] INFO  o.s.b.t.TomcatWebServer - Tomcat started on port 7001 (http) with context path '/'
2026-03-11 18:24:08 [main] INFO  c.p.p.ProyectoSpringBoot01Application - Started ProyectoSpringBoot01Application in 2.491 seconds (process running for 3.116)
2026-03-11 18:24:10 [http-nio-7001-exec-1] INFO  o.a.c.c.C.[.[.[/] - Initializing Spring DispatcherServlet 'dispatcherServlet'
2026-03-11 18:24:10 [http-nio-7001-exec-1] INFO  o.s.w.s.DispatcherServlet - Initializing Servlet 'dispatcherServlet'
2026-03-11 18:24:10 [http-nio-7001-exec-1] INFO  o.s.w.s.DispatcherServlet - Completed initialization in 1 ms
2026-03-11 18:24:13 [SpringApplicationShutdownHook] INFO  o.s.b.t.GracefulShutdown - Commencing graceful shutdown. Waiting for active requests to complete
2026-03-11 18:24:13 [tomcat-shutdown] INFO  o.s.b.t.GracefulShutdown - Graceful shutdown complete
2026-03-11 18:39:44 [main] INFO  c.p.p.ProyectoSpringBoot01ApplicationTests - Starting ProyectoSpringBoot01ApplicationTests using Java 25.0.2 with PID 739070 (started by rusok in /home/rusok/Documentos/workspace-spring-tools-for-eclipse-5.0.1.RELEASE/ProyectoSpringBoot01)
2026-03-11 18:39:44 [main] INFO  c.p.p.ProyectoSpringBoot01ApplicationTests - No active profile set, falling back to 1 default profile: "default"
2026-03-11 18:39:46 [main] INFO  o.s.b.a.e.w.EndpointLinksResolver - Exposing 4 endpoints beneath base path '/actuator'
2026-03-11 18:39:46 [main] INFO  c.p.p.ProyectoSpringBoot01ApplicationTests - Started ProyectoSpringBoot01ApplicationTests in 1.951 seconds (process running for 3.057)
2026-03-11 18:39:55 [main] INFO  c.p.p.ProyectoSpringBoot01Application - Starting ProyectoSpringBoot01Application v1.0 using Java 25.0.2 with PID 740030 (/home/rusok/Documentos/workspace-spring-tools-for-eclipse-5.0.1.RELEASE/ProyectoSpringBoot01/target/ProyectoSpringBoot01-1.0.jar started by rusok in /home/rusok/Documentos/workspace-spring-tools-for-eclipse-5.0.1.RELEASE/ProyectoSpringBoot01)
2026-03-11 18:39:55 [main] INFO  c.p.p.ProyectoSpringBoot01Application - No active profile set, falling back to 1 default profile: "default"
2026-03-11 18:39:57 [main] INFO  o.s.b.t.TomcatWebServer - Tomcat initialized with port 7001 (http)
2026-03-11 18:39:57 [main] INFO  o.a.c.core.StandardService - Starting service [Tomcat]
2026-03-11 18:39:57 [main] INFO  o.a.c.core.StandardEngine - Starting Servlet engine: [Apache Tomcat/11.0.18]
2026-03-11 18:39:57 [main] INFO  o.s.b.w.c.s.WebApplicationContextInitializer - Root WebApplicationContext: initialization completed in 1472 ms
2026-03-11 18:39:58 [main] INFO  o.s.b.a.e.w.EndpointLinksResolver - Exposing 4 endpoints beneath base path '/actuator'
2026-03-11 18:39:58 [main] INFO  o.s.b.t.TomcatWebServer - Tomcat started on port 7001 (http) with context path '/'
2026-03-11 18:39:58 [main] INFO  c.p.p.ProyectoSpringBoot01Application - Started ProyectoSpringBoot01Application in 2.924 seconds (process running for 3.343)
2026-03-11 18:40:14 [http-nio-7001-exec-1] INFO  o.a.c.c.C.[.[.[/] - Initializing Spring DispatcherServlet 'dispatcherServlet'
2026-03-11 18:40:14 [http-nio-7001-exec-1] INFO  o.s.w.s.DispatcherServlet - Initializing Servlet 'dispatcherServlet'
2026-03-11 18:40:14 [http-nio-7001-exec-1] INFO  o.s.w.s.DispatcherServlet - Completed initialization in 2 ms
2026-03-11 18:44:01 [SpringApplicationShutdownHook] INFO  o.s.b.t.GracefulShutdown - Commencing graceful shutdown. Waiting for active requests to complete
2026-03-11 18:44:01 [tomcat-shutdown] INFO  o.s.b.t.GracefulShutdown - Graceful shutdown complete
2026-03-11 18:59:12 [main] INFO  c.p.p.ProyectoSpringBoot01ApplicationTests - Starting ProyectoSpringBoot01ApplicationTests using Java 25.0.2 with PID 826940 (started by rusok in /home/rusok/Documentos/workspace-spring-tools-for-eclipse-5.0.1.RELEASE/ProyectoSpringBoot01)
2026-03-11 18:59:12 [main] INFO  c.p.p.ProyectoSpringBoot01ApplicationTests - No active profile set, falling back to 1 default profile: "default"
2026-03-11 18:59:14 [main] INFO  o.s.b.a.e.w.EndpointLinksResolver - Exposing 4 endpoints beneath base path '/actuator'
2026-03-11 18:59:14 [main] INFO  c.p.p.ProyectoSpringBoot01ApplicationTests - Started ProyectoSpringBoot01ApplicationTests in 1.807 seconds (process running for 2.871)
2026-03-11 18:59:18 [main] INFO  c.p.p.ProyectoSpringBoot01Application - Starting ProyectoSpringBoot01Application v1.0 using Java 25.0.2 with PID 827444 (/home/rusok/Documentos/workspace-spring-tools-for-eclipse-5.0.1.RELEASE/ProyectoSpringBoot01/target/ProyectoSpringBoot01-1.0.jar started by rusok in /home/rusok/Documentos/workspace-spring-tools-for-eclipse-5.0.1.RELEASE/ProyectoSpringBoot01)
2026-03-11 18:59:18 [main] INFO  c.p.p.ProyectoSpringBoot01Application - No active profile set, falling back to 1 default profile: "default"
2026-03-11 18:59:19 [main] INFO  o.s.b.t.TomcatWebServer - Tomcat initialized with port 7001 (http)
2026-03-11 18:59:19 [main] INFO  o.a.c.core.StandardService - Starting service [Tomcat]
2026-03-11 18:59:19 [main] INFO  o.a.c.core.StandardEngine - Starting Servlet engine: [Apache Tomcat/11.0.18]
2026-03-11 18:59:19 [main] INFO  o.s.b.w.c.s.WebApplicationContextInitializer - Root WebApplicationContext: initialization completed in 1160 ms
2026-03-11 18:59:20 [main] INFO  o.s.b.a.e.w.EndpointLinksResolver - Exposing 4 endpoints beneath base path '/actuator'
2026-03-11 18:59:20 [main] INFO  o.s.b.t.TomcatWebServer - Tomcat started on port 7001 (http) with context path '/'
2026-03-11 18:59:20 [main] INFO  c.p.p.ProyectoSpringBoot01Application - Started ProyectoSpringBoot01Application in 2.608 seconds (process running for 3.133)
2026-03-11 18:59:30 [http-nio-7001-exec-1] INFO  o.a.c.c.C.[.[.[/] - Initializing Spring DispatcherServlet 'dispatcherServlet'
2026-03-11 18:59:30 [http-nio-7001-exec-1] INFO  o.s.w.s.DispatcherServlet - Initializing Servlet 'dispatcherServlet'
2026-03-11 18:59:30 [http-nio-7001-exec-1] INFO  o.s.w.s.DispatcherServlet - Completed initialization in 2 ms
2026-03-11 19:02:16 [SpringApplicationShutdownHook] INFO  o.s.b.t.GracefulShutdown - Commencing graceful shutdown. Waiting for active requests to complete
2026-03-11 19:02:16 [tomcat-shutdown] INFO  o.s.b.t.GracefulShutdown - Graceful shutdown complete
2026-03-11 19:02:23 [main] INFO  c.p.p.ProyectoSpringBoot01ApplicationTests - Starting ProyectoSpringBoot01ApplicationTests using Java 25.0.2 with PID 841217 (started by rusok in /home/rusok/Documentos/workspace-spring-tools-for-eclipse-5.0.1.RELEASE/ProyectoSpringBoot01)
2026-03-11 19:02:23 [main] INFO  c.p.p.ProyectoSpringBoot01ApplicationTests - No active profile set, falling back to 1 default profile: "default"
2026-03-11 19:02:24 [main] INFO  o.s.b.a.e.w.EndpointLinksResolver - Exposing 4 endpoints beneath base path '/actuator'
2026-03-11 19:02:24 [main] INFO  c.p.p.ProyectoSpringBoot01ApplicationTests - Started ProyectoSpringBoot01ApplicationTests in 1.83 seconds (process running for 2.935)
2026-03-11 19:02:29 [main] INFO  c.p.p.ProyectoSpringBoot01Application - Starting ProyectoSpringBoot01Application v1.0 using Java 25.0.2 with PID 841721 (/home/rusok/Documentos/workspace-spring-tools-for-eclipse-5.0.1.RELEASE/ProyectoSpringBoot01/target/ProyectoSpringBoot01-1.0.jar started by rusok in /home/rusok/Documentos/workspace-spring-tools-for-eclipse-5.0.1.RELEASE/ProyectoSpringBoot01)
2026-03-11 19:02:29 [main] INFO  c.p.p.ProyectoSpringBoot01Application - No active profile set, falling back to 1 default profile: "default"
2026-03-11 19:02:31 [main] INFO  o.s.b.t.TomcatWebServer - Tomcat initialized with port 7001 (http)
2026-03-11 19:02:31 [main] INFO  o.a.c.core.StandardService - Starting service [Tomcat]
2026-03-11 19:02:31 [main] INFO  o.a.c.core.StandardEngine - Starting Servlet engine: [Apache Tomcat/11.0.18]
2026-03-11 19:02:31 [main] INFO  o.s.b.w.c.s.WebApplicationContextInitializer - Root WebApplicationContext: initialization completed in 2232 ms
2026-03-11 19:02:32 [main] INFO  o.s.b.a.e.w.EndpointLinksResolver - Exposing 4 endpoints beneath base path '/actuator'
2026-03-11 19:02:32 [main] INFO  o.s.b.t.TomcatWebServer - Tomcat started on port 7001 (http) with context path '/'
2026-03-11 19:02:32 [main] INFO  c.p.p.ProyectoSpringBoot01Application - Started ProyectoSpringBoot01Application in 3.907 seconds (process running for 4.394)
2026-03-11 19:02:33 [http-nio-7001-exec-1] INFO  o.a.c.c.C.[.[.[/] - Initializing Spring DispatcherServlet 'dispatcherServlet'
2026-03-11 19:02:33 [http-nio-7001-exec-1] INFO  o.s.w.s.DispatcherServlet - Initializing Servlet 'dispatcherServlet'
2026-03-11 19:02:33 [http-nio-7001-exec-1] INFO  o.s.w.s.DispatcherServlet - Completed initialization in 3 ms
2026-03-11 19:02:56 [SpringApplicationShutdownHook] INFO  o.s.b.t.GracefulShutdown - Commencing graceful shutdown. Waiting for active requests to complete
2026-03-11 19:02:57 [tomcat-shutdown] INFO  o.s.b.t.GracefulShutdown - Graceful shutdown complete
2026-03-11 19:18:54 [main] INFO  c.p.p.ProyectoSpringBoot01ApplicationTests - Starting ProyectoSpringBoot01ApplicationTests using Java 25.0.2 with PID 914825 (started by rusok in /home/rusok/Documentos/workspace-spring-tools-for-eclipse-5.0.1.RELEASE/ProyectoSpringBoot01)
2026-03-11 19:18:54 [main] INFO  c.p.p.ProyectoSpringBoot01ApplicationTests - No active profile set, falling back to 1 default profile: "default"
2026-03-11 19:18:56 [main] INFO  o.s.b.a.e.w.EndpointLinksResolver - Exposing 4 endpoints beneath base path '/actuator'
2026-03-11 19:18:56 [main] INFO  c.p.p.ProyectoSpringBoot01ApplicationTests - Started ProyectoSpringBoot01ApplicationTests in 2.005 seconds (process running for 3.186)
2026-03-11 19:19:03 [main] INFO  c.p.p.ProyectoSpringBoot01Application - Starting ProyectoSpringBoot01Application v1.0 using Java 25.0.2 with PID 915587 (/home/rusok/Documentos/workspace-spring-tools-for-eclipse-5.0.1.RELEASE/ProyectoSpringBoot01/target/ProyectoSpringBoot01-1.0.jar started by rusok in /home/rusok/Documentos/workspace-spring-tools-for-eclipse-5.0.1.RELEASE/ProyectoSpringBoot01)
2026-03-11 19:19:03 [main] INFO  c.p.p.ProyectoSpringBoot01Application - No active profile set, falling back to 1 default profile: "default"
2026-03-11 19:19:05 [main] INFO  o.s.b.t.TomcatWebServer - Tomcat initialized with port 7001 (http)
2026-03-11 19:19:05 [main] INFO  o.a.c.core.StandardService - Starting service [Tomcat]
2026-03-11 19:19:05 [main] INFO  o.a.c.core.StandardEngine - Starting Servlet engine: [Apache Tomcat/11.0.18]
2026-03-11 19:19:05 [main] INFO  o.s.b.w.c.s.WebApplicationContextInitializer - Root WebApplicationContext: initialization completed in 1444 ms
2026-03-11 19:19:06 [main] INFO  o.s.b.a.e.w.EndpointLinksResolver - Exposing 4 endpoints beneath base path '/actuator'
2026-03-11 19:19:06 [main] INFO  o.s.b.t.TomcatWebServer - Tomcat started on port 7001 (http) with context path '/'
2026-03-11 19:19:06 [main] INFO  c.p.p.ProyectoSpringBoot01Application - Started ProyectoSpringBoot01Application in 3.144 seconds (process running for 3.727)
2026-03-11 19:19:35 [http-nio-7001-exec-1] INFO  o.a.c.c.C.[.[.[/] - Initializing Spring DispatcherServlet 'dispatcherServlet'
2026-03-11 19:19:35 [http-nio-7001-exec-1] INFO  o.s.w.s.DispatcherServlet - Initializing Servlet 'dispatcherServlet'
2026-03-11 19:19:35 [http-nio-7001-exec-1] INFO  o.s.w.s.DispatcherServlet - Completed initialization in 6 ms
2026-03-11 19:41:55 [SpringApplicationShutdownHook] INFO  o.s.b.t.GracefulShutdown - Commencing graceful shutdown. Waiting for active requests to complete
2026-03-11 19:41:55 [tomcat-shutdown] INFO  o.s.b.t.GracefulShutdown - Graceful shutdown complete
2026-03-11 19:42:02 [main] INFO  c.p.p.ProyectoSpringBoot01ApplicationTests - Starting ProyectoSpringBoot01ApplicationTests using Java 25.0.2 with PID 1016592 (started by rusok in /home/rusok/Documentos/workspace-spring-tools-for-eclipse-5.0.1.RELEASE/ProyectoSpringBoot01)
2026-03-11 19:42:02 [main] INFO  c.p.p.ProyectoSpringBoot01ApplicationTests - No active profile set, falling back to 1 default profile: "default"
2026-03-11 19:42:03 [main] INFO  o.s.b.a.e.w.EndpointLinksResolver - Exposing 4 endpoints beneath base path '/actuator'
2026-03-11 19:42:03 [main] INFO  c.p.p.ProyectoSpringBoot01ApplicationTests - Started ProyectoSpringBoot01ApplicationTests in 1.833 seconds (process running for 2.831)
2026-03-11 19:42:11 [main] INFO  c.p.p.ProyectoSpringBoot01Application - Starting ProyectoSpringBoot01Application v1.0 using Java 25.0.2 with PID 1017315 (/home/rusok/Documentos/workspace-spring-tools-for-eclipse-5.0.1.RELEASE/ProyectoSpringBoot01/target/ProyectoSpringBoot01-1.0.jar started by rusok in /home/rusok/Documentos/workspace-spring-tools-for-eclipse-5.0.1.RELEASE/ProyectoSpringBoot01)
2026-03-11 19:42:11 [main] INFO  c.p.p.ProyectoSpringBoot01Application - No active profile set, falling back to 1 default profile: "default"
2026-03-11 19:42:13 [main] INFO  o.s.b.t.TomcatWebServer - Tomcat initialized with port 7001 (http)
2026-03-11 19:42:13 [main] INFO  o.a.c.core.StandardService - Starting service [Tomcat]
2026-03-11 19:42:13 [main] INFO  o.a.c.core.StandardEngine - Starting Servlet engine: [Apache Tomcat/11.0.18]
2026-03-11 19:42:13 [main] INFO  o.s.b.w.c.s.WebApplicationContextInitializer - Root WebApplicationContext: initialization completed in 2437 ms
2026-03-11 19:42:15 [main] INFO  o.s.b.a.e.w.EndpointLinksResolver - Exposing 4 endpoints beneath base path '/actuator'
2026-03-11 19:42:15 [main] INFO  o.s.b.t.TomcatWebServer - Tomcat started on port 7001 (http) with context path '/'
2026-03-11 19:42:15 [main] INFO  c.p.p.ProyectoSpringBoot01Application - Started ProyectoSpringBoot01Application in 4.66 seconds (process running for 5.151)
2026-03-11 19:42:44 [http-nio-7001-exec-1] INFO  o.a.c.c.C.[.[.[/] - Initializing Spring DispatcherServlet 'dispatcherServlet'
2026-03-11 19:42:44 [http-nio-7001-exec-1] INFO  o.s.w.s.DispatcherServlet - Initializing Servlet 'dispatcherServlet'
2026-03-11 19:42:44 [http-nio-7001-exec-1] INFO  o.s.w.s.DispatcherServlet - Completed initialization in 2 ms
2026-03-11 19:52:12 [SpringApplicationShutdownHook] INFO  o.s.b.t.GracefulShutdown - Commencing graceful shutdown. Waiting for active requests to complete
2026-03-11 19:52:12 [tomcat-shutdown] INFO  o.s.b.t.GracefulShutdown - Graceful shutdown complete
2026-03-11 19:52:19 [main] INFO  c.p.p.ProyectoSpringBoot01ApplicationTests - Starting ProyectoSpringBoot01ApplicationTests using Java 25.0.2 with PID 1062354 (started by rusok in /home/rusok/Documentos/workspace-spring-tools-for-eclipse-5.0.1.RELEASE/ProyectoSpringBoot01)
2026-03-11 19:52:19 [main] INFO  c.p.p.ProyectoSpringBoot01ApplicationTests - No active profile set, falling back to 1 default profile: "default"
2026-03-11 19:52:20 [main] INFO  o.s.b.a.e.w.EndpointLinksResolver - Exposing 4 endpoints beneath base path '/actuator'
2026-03-11 19:52:21 [main] INFO  c.p.p.ProyectoSpringBoot01ApplicationTests - Started ProyectoSpringBoot01ApplicationTests in 2.12 seconds (process running for 3.403)
2026-03-11 19:52:24 [main] INFO  c.p.p.ProyectoSpringBoot01Application - Starting ProyectoSpringBoot01Application v1.0 using Java 25.0.2 with PID 1062912 (/home/rusok/Documentos/workspace-spring-tools-for-eclipse-5.0.1.RELEASE/ProyectoSpringBoot01/target/ProyectoSpringBoot01-1.0.jar started by rusok in /home/rusok/Documentos/workspace-spring-tools-for-eclipse-5.0.1.RELEASE/ProyectoSpringBoot01)
2026-03-11 19:52:24 [main] INFO  c.p.p.ProyectoSpringBoot01Application - No active profile set, falling back to 1 default profile: "default"
2026-03-11 19:52:26 [main] INFO  o.s.b.t.TomcatWebServer - Tomcat initialized with port 7001 (http)
2026-03-11 19:52:26 [main] INFO  o.a.c.core.StandardService - Starting service [Tomcat]
2026-03-11 19:52:26 [main] INFO  o.a.c.core.StandardEngine - Starting Servlet engine: [Apache Tomcat/11.0.18]
2026-03-11 19:52:26 [main] INFO  o.s.b.w.c.s.WebApplicationContextInitializer - Root WebApplicationContext: initialization completed in 1189 ms
2026-03-11 19:52:26 [main] INFO  o.s.b.a.e.w.EndpointLinksResolver - Exposing 4 endpoints beneath base path '/actuator'
2026-03-11 19:52:27 [main] INFO  o.s.b.t.TomcatWebServer - Tomcat started on port 7001 (http) with context path '/'
2026-03-11 19:52:27 [main] INFO  c.p.p.ProyectoSpringBoot01Application - Started ProyectoSpringBoot01Application in 2.618 seconds (process running for 3.108)
2026-03-11 19:52:58 [http-nio-7001-exec-1] INFO  o.a.c.c.C.[.[.[/] - Initializing Spring DispatcherServlet 'dispatcherServlet'
2026-03-11 19:52:58 [http-nio-7001-exec-1] INFO  o.s.w.s.DispatcherServlet - Initializing Servlet 'dispatcherServlet'
2026-03-11 19:52:58 [http-nio-7001-exec-1] INFO  o.s.w.s.DispatcherServlet - Completed initialization in 3 ms
2026-03-11 19:52:58 [http-nio-7001-exec-1] INFO  c.p.p.EstudianteInterceptor - Usuario null, host: 127.0.0.1 desde la direccion: 127.0.0.1:35842 Editará al estudiante 2 (/api/v1/estudiante/2)
2026-03-11 20:06:42 [SpringApplicationShutdownHook] INFO  o.s.b.t.GracefulShutdown - Commencing graceful shutdown. Waiting for active requests to complete
2026-03-11 20:06:42 [tomcat-shutdown] INFO  o.s.b.t.GracefulShutdown - Graceful shutdown complete
